#
# A fatal error has been detected by the Java Runtime Environment:
#
#  SIGSEGV (0xb) at pc=0x00007ff814a4dd30, pid=4008, tid=122179
#
# JRE version: OpenJDK Runtime Environment Zulu21.32+17-CA (21.0.2+13) (build 21.0.2+13-LTS)
# Java VM: OpenJDK 64-Bit Server VM Zulu21.32+17-CA (21.0.2+13-LTS, mixed mode, sharing, tiered, compressed oops, compressed class ptrs, g1 gc, bsd-amd64)
# Problematic frame:
# C  [CoreVideo+0x2d30]  CVXTime::translateTime(CVTimeStamp const*, CVTimeStamp*) const+0x1a
#
# No core dump will be written. Core dumps have been disabled. To enable core dumping, try "ulimit -c unlimited" before starting Java again
#
# If you would like to submit a bug report, please visit:
#   http://www.azul.com/support/
#

---------------  S U M M A R Y ------------

Command Line: -Dfile.encoding=UTF-8 sincronizacion.main

Host: "Mac14,7" x86_64 (EMULATED) 2400 MHz, 8 cores, 8G, Darwin 22.3.0, macOS 13.2.1 (22D68)
Time: Tue Feb 24 16:15:46 2026 CST elapsed time: 63162.559758 seconds (0d 17h 32m 42s)

---------------  T H R E A D  ---------------

Current thread is native thread

Stack: [0x000000030db31000,0x000000030dbb1000],  sp=0x000000030dbb0ca0,  free space=511k
Native frames: (J=compiled Java code, j=interpreted, Vv=VM code, C=native code)
C  [CoreVideo+0x2d30]  CVXTime::translateTime(CVTimeStamp const*, CVTimeStamp*) const+0x1a
C  [CoreVideo+0x2a1e]  CVDisplayLink::calculateNextWakeUpTime(CVTimeStamp*, CVTimeStamp*, bool)+0x12c
C  [CoreVideo+0x1ffa]  CVDisplayLink::runIOThread()+0x188
C  [libsystem_pthread.dylib+0x6259]  _pthread_start+0x7d
C  [libsystem_pthread.dylib+0x1c7b]  thread_start+0xf

siginfo: si_signo: 11 (SIGSEGV), si_code: 1 (SEGV_MAPERR), si_addr: 0x00001245c2260e68

Registers:
RAX=0x00001245c2260cb0, RBX=0x000000030dbb0e30, RCX=0x0000000000fe502a, RDX=0x000000030dbb0e30
RSP=0x000000030dbb0ca0, RBP=0x000000030dbb0cd0, RSI=0x000000030dbb0ce0, RDI=0x00006000036b0cb0
R8 =0x00007ff84e1d5d08, R9 =0x0000000000000100, R10=0x00007f865b41aa90, R11=0x00007f865b41aa94
R12=0x00006000036b0cb0, R13=0x000000030dbb0ce0, R14=0x000000030dbb0e30, R15=0x00007f865b41aad8
RIP=0x00007ff814a4dd30, EFLAGS=0x0000000000000246, ERR=0x0000000000000004
  TRAPNO=0x000000000000000e


Top of Stack: (sp=0x000000030dbb0ca0)
0x000000030dbb0ca0:   0000000000fe502a 00007f865b41aa20
0x000000030dbb0cb0:   00007f865b41ab18 0000000000000000
0x000000030dbb0cc0:   000000030dbb0e30 00007f865b41aad8
0x000000030dbb0cd0:   000000030dbb0e20 00007ff814a4da1e
0x000000030dbb0ce0:   3b9aca0000000000 00003a601933d75a
0x000000030dbb0cf0:   00003a60183cf07e 3ff0000000000000
0x000000030dbb0d00:   0000000000fe502a 0000000000000000
0x000000030dbb0d10:   0000000000000000 0000000000000000
0x000000030dbb0d20:   0000000000000001 0000000000000000
0x000000030dbb0d30:   00007f865b41aa38 061ad101061ad200
0x000000030dbb0d40:   000000030dbb0de0 00007ff80c1f9879
0x000000030dbb0d50:   0000000000000000 0000000000000000
0x000000030dbb0d60:   0000000000000000 0000000000000000
0x000000030dbb0d70:   0000000000000000 0009a30000000000
0x000000030dbb0d80:   0000000000000000 0000000000000000
0x000000030dbb0d90:   0000000000000000 0000000000000000
0x000000030dbb0da0:   0000000000000000 0000000000000000
0x000000030dbb0db0:   0000000000000000 0000000000000002
0x000000030dbb0dc0:   0000000000000000 00007f865b41ac18
0x000000030dbb0dd0:   000000030dbb0df0 000000000c1f4aac
0x000000030dbb0de0:   00007f865b41ac00 000000005b41aa38
0x000000030dbb0df0:   00003a6019c9ca91 00007f865b41aa20
0x000000030dbb0e00:   00007f865b41ab18 0000000000000000
0x000000030dbb0e10:   000000030dbb0e98 00007f865b41aad8
0x000000030dbb0e20:   000000030dbb0fb0 00007ff814a4cffa
0x000000030dbb0e30:   0000000000000000 0000000000000000
0x000000030dbb0e40:   0000000000000000 0000000000000000
0x000000030dbb0e50:   0000000000000000 0000000000000000
0x000000030dbb0e60:   0000000000000000 0000000000000000
0x000000030dbb0e70:   0000000000000013 0000000000000000
0x000000030dbb0e80:   0000000000000000 00007f865b41aa38
0x000000030dbb0e90:   0000000000000000 0000000000000000 

Instructions: (pc=0x00007ff814a4dd30)
0x00007ff814a4dc30:   3d 7b d4 78 39 48 8d 35 ac 75 78 39 f2 0f 11 55
0x00007ff814a4dc40:   b0 e8 5a 0b 04 00 f2 0f 10 55 b0 e9 1e ff ff ff
0x00007ff814a4dc50:   f2 4c 0f 2c d0 4c 8b 8b b8 01 00 00 48 8d 35 48
0x00007ff814a4dc60:   20 04 00 bf 02 00 00 00 48 89 da 48 8b 4d d0 31
0x00007ff814a4dc70:   c0 41 52 ff b3 30 02 00 00 e8 12 d1 01 00 48 83
0x00007ff814a4dc80:   c4 10 48 8b bb 38 02 00 00 e8 40 f5 ff ff 48 8b
0x00007ff814a4dc90:   bb 38 02 00 00 e8 74 f5 ff ff 48 8b 03 48 89 df
0x00007ff814a4dca0:   48 8b 75 c0 ff 90 88 00 00 00 48 c7 83 30 02 00
0x00007ff814a4dcb0:   00 00 00 00 00 48 8b 03 48 89 df 4c 89 f6 ff 90
0x00007ff814a4dcc0:   88 00 00 00 48 81 c4 18 01 00 00 5b 41 5c 41 5d
0x00007ff814a4dcd0:   41 5e 41 5f 5d c3 55 48 89 e5 41 57 41 56 53 50
0x00007ff814a4dce0:   48 89 fb 4c 8d 77 18 4c 89 f7 e8 c3 0d 04 00 4c
0x00007ff814a4dcf0:   8b bb b8 01 00 00 48 8b 9b c0 01 00 00 4c 89 f7
0x00007ff814a4dd00:   e8 b3 0d 04 00 4c 89 f8 48 89 da 48 83 c4 08 5b
0x00007ff814a4dd10:   41 5e 41 5f 5d c3 55 48 89 e5 41 57 41 56 41 55
0x00007ff814a4dd20:   41 54 53 50 48 89 d3 49 89 f5 49 89 fc 48 8b 07
0x00007ff814a4dd30:   4c 8b b8 b8 01 00 00 44 8b b0 c0 01 00 00 48 8b
0x00007ff814a4dd40:   4e 08 4c 8b 46 10 4c 8b 4e 40 48 8d 35 a8 ee 04
0x00007ff814a4dd50:   00 bf 05 00 00 00 4c 89 e2 31 c0 e8 30 d0 01 00
0x00007ff814a4dd60:   48 8b 4b 08 4c 8b 43 10 4c 8b 4b 40 44 8b 53 04
0x00007ff814a4dd70:   f2 0f 10 43 18 48 8d 35 c8 ee 04 00 bf 05 00 00
0x00007ff814a4dd80:   00 4c 89 e2 b0 01 ff 73 20 41 52 e8 00 d0 01 00
0x00007ff814a4dd90:   48 83 c4 10 48 8d 35 33 ef 04 00 bf 05 00 00 00
0x00007ff814a4dda0:   4c 89 e2 4c 89 f9 45 89 f0 31 c0 e8 e0 cf 01 00
0x00007ff814a4ddb0:   49 8b 4c 24 58 45 8b 44 24 50 48 8d 35 5c ef 04
0x00007ff814a4ddc0:   00 bf 05 00 00 00 4c 89 e2 31 c0 e8 c0 cf 01 00
0x00007ff814a4ddd0:   f2 41 0f 10 4c 24 10 0f 14 0d c2 01 05 00 66 0f
0x00007ff814a4dde0:   5c 0d ca 01 05 00 f2 41 0f 10 44 24 48 66 0f 7c
0x00007ff814a4ddf0:   c9 48 8d 35 68 ef 04 00 bf 05 00 00 00 4c 89 e2
0x00007ff814a4de00:   b0 02 e8 89 cf 01 00 4c 8b 4b 40 41 f6 c1 01 0f
0x00007ff814a4de10:   84 99 00 00 00 49 8b 45 40 a8 01 75 0b a8 02 75
0x00007ff814a4de20:   0d 31 c0 e9 82 00 00 00 49 8b 45 08 eb 7c 49 8b 



---------------  P R O C E S S  ---------------

VM state: not at safepoint (normal execution)

VM Mutex/Monitor currently owned by a thread: None

Heap address: 0x0000000780000000, size: 2048 MB, Compressed Oops mode: Zero based, Oop shift amount: 3

CDS archive(s) mapped at: [0x000000012d000000-0x000000012dd00000-0x000000012dd00000), size 13631488, SharedBaseAddress: 0x000000012d000000, ArchiveRelocationMode: 1.
Compressed class space mapped at: 0x000000012e000000-0x000000016e000000, reserved size: 1073741824
Narrow klass base: 0x000000012d000000, Narrow klass shift: 0, Narrow klass range: 0x100000000

GC Precious Log:
<Skipped>

Heap:
 garbage-first heap   total 133120K, used 116872K [0x0000000780000000, 0x0000000800000000)
  region size 1024K, 60 young (61440K), 1 survivors (1024K)
 Metaspace       used 14055K, committed 14400K, reserved 1114112K
  class space    used 1366K, committed 1536K, reserved 1048576K

Heap Regions: E=young(eden), S=young(survivor), O=old, HS=humongous(starts), HC=humongous(continues), CS=collection set, F=free, TAMS=top-at-mark-start, PB=parsable bottom
|   0|0x0000000780000000, 0x0000000780100000, 0x0000000780100000|100%| O|  |TAMS 0x0000000780000000| PB 0x0000000780000000| Untracked 
|   1|0x0000000780100000, 0x0000000780200000, 0x0000000780200000|100%| O|  |TAMS 0x0000000780100000| PB 0x0000000780100000| Untracked 
|   2|0x0000000780200000, 0x0000000780300000, 0x0000000780300000|100%| O|  |TAMS 0x0000000780200000| PB 0x0000000780200000| Untracked 
|   3|0x0000000780300000, 0x0000000780400000, 0x0000000780400000|100%| O|  |TAMS 0x0000000780300000| PB 0x0000000780300000| Untracked 
|   4|0x0000000780400000, 0x0000000780500000, 0x0000000780500000|100%| O|  |TAMS 0x0000000780400000| PB 0x0000000780400000| Untracked 
|   5|0x0000000780500000, 0x0000000780600000, 0x0000000780600000|100%| O|  |TAMS 0x0000000780500000| PB 0x0000000780500000| Untracked 
|   6|0x0000000780600000, 0x0000000780700000, 0x0000000780700000|100%| O|  |TAMS 0x0000000780600000| PB 0x0000000780600000| Untracked 
|   7|0x0000000780700000, 0x0000000780800000, 0x0000000780800000|100%| O|  |TAMS 0x0000000780700000| PB 0x0000000780700000| Untracked 
|   8|0x0000000780800000, 0x0000000780900000, 0x0000000780900000|100%| O|  |TAMS 0x0000000780800000| PB 0x0000000780800000| Untracked 
|   9|0x0000000780900000, 0x0000000780a00000, 0x0000000780a00000|100%| O|  |TAMS 0x0000000780900000| PB 0x0000000780900000| Untracked 
|  10|0x0000000780a00000, 0x0000000780b00000, 0x0000000780b00000|100%| O|  |TAMS 0x0000000780a00000| PB 0x0000000780a00000| Untracked 
|  11|0x0000000780b00000, 0x0000000780c00000, 0x0000000780c00000|100%| O|  |TAMS 0x0000000780b00000| PB 0x0000000780b00000| Untracked 
|  12|0x0000000780c00000, 0x0000000780d00000, 0x0000000780d00000|100%| O|  |TAMS 0x0000000780c00000| PB 0x0000000780c00000| Untracked 
|  13|0x0000000780d00000, 0x0000000780e00000, 0x0000000780e00000|100%| O|  |TAMS 0x0000000780d00000| PB 0x0000000780d00000| Untracked 
|  14|0x0000000780e00000, 0x0000000780f00000, 0x0000000780f00000|100%| O|  |TAMS 0x0000000780e00000| PB 0x0000000780e00000| Untracked 
|  15|0x0000000780f00000, 0x0000000781000000, 0x0000000781000000|100%| O|  |TAMS 0x0000000780f00000| PB 0x0000000780f00000| Untracked 
|  16|0x0000000781000000, 0x0000000781100000, 0x0000000781100000|100%| O|  |TAMS 0x0000000781000000| PB 0x0000000781000000| Untracked 
|  17|0x0000000781100000, 0x0000000781200000, 0x0000000781200000|100%| O|  |TAMS 0x0000000781100000| PB 0x0000000781100000| Untracked 
|  18|0x0000000781200000, 0x0000000781300000, 0x0000000781300000|100%| O|  |TAMS 0x0000000781200000| PB 0x0000000781200000| Untracked 
|  19|0x0000000781300000, 0x0000000781400000, 0x0000000781400000|100%| O|  |TAMS 0x0000000781300000| PB 0x0000000781300000| Untracked 
|  20|0x0000000781400000, 0x0000000781500000, 0x0000000781500000|100%| O|  |TAMS 0x0000000781400000| PB 0x0000000781400000| Untracked 
|  21|0x0000000781500000, 0x0000000781600000, 0x0000000781600000|100%| O|  |TAMS 0x0000000781500000| PB 0x0000000781500000| Untracked 
|  22|0x0000000781600000, 0x0000000781700000, 0x0000000781700000|100%| O|  |TAMS 0x0000000781600000| PB 0x0000000781600000| Untracked 
|  23|0x0000000781700000, 0x0000000781800000, 0x0000000781800000|100%| O|  |TAMS 0x0000000781700000| PB 0x0000000781700000| Untracked 
|  24|0x0000000781800000, 0x0000000781900000, 0x0000000781900000|100%| O|  |TAMS 0x0000000781800000| PB 0x0000000781800000| Untracked 
|  25|0x0000000781900000, 0x0000000781a00000, 0x0000000781a00000|100%| O|  |TAMS 0x0000000781900000| PB 0x0000000781900000| Untracked 
|  26|0x0000000781a00000, 0x0000000781b00000, 0x0000000781b00000|100%|HS|  |TAMS 0x0000000781a00000| PB 0x0000000781a00000| Complete 
|  27|0x0000000781b00000, 0x0000000781c00000, 0x0000000781c00000|100%|HC|  |TAMS 0x0000000781b00000| PB 0x0000000781b00000| Complete 
|  28|0x0000000781c00000, 0x0000000781d00000, 0x0000000781d00000|100%|HC|  |TAMS 0x0000000781c00000| PB 0x0000000781c00000| Complete 
|  29|0x0000000781d00000, 0x0000000781e00000, 0x0000000781e00000|100%| O|  |TAMS 0x0000000781d00000| PB 0x0000000781d00000| Untracked 
|  30|0x0000000781e00000, 0x0000000781f00000, 0x0000000781f00000|100%| O|  |TAMS 0x0000000781e00000| PB 0x0000000781e00000| Untracked 
|  31|0x0000000781f00000, 0x0000000782000000, 0x0000000782000000|100%| O|  |TAMS 0x0000000781f00000| PB 0x0000000781f00000| Untracked 
|  32|0x0000000782000000, 0x0000000782100000, 0x0000000782100000|100%| O|  |TAMS 0x0000000782000000| PB 0x0000000782000000| Untracked 
|  33|0x0000000782100000, 0x0000000782200000, 0x0000000782200000|100%| O|  |TAMS 0x0000000782100000| PB 0x0000000782100000| Untracked 
|  34|0x0000000782200000, 0x0000000782300000, 0x0000000782300000|100%| O|  |TAMS 0x0000000782200000| PB 0x0000000782200000| Untracked 
|  35|0x0000000782300000, 0x0000000782400000, 0x0000000782400000|100%| O|  |TAMS 0x0000000782300000| PB 0x0000000782300000| Untracked 
|  36|0x0000000782400000, 0x0000000782500000, 0x0000000782500000|100%| O|  |TAMS 0x0000000782400000| PB 0x0000000782400000| Untracked 
|  37|0x0000000782500000, 0x0000000782600000, 0x0000000782600000|100%| O|  |TAMS 0x0000000782500000| PB 0x0000000782500000| Untracked 
|  38|0x0000000782600000, 0x0000000782700000, 0x0000000782700000|100%|HS|  |TAMS 0x0000000782600000| PB 0x0000000782600000| Complete 
|  39|0x0000000782700000, 0x0000000782800000, 0x0000000782800000|100%|HC|  |TAMS 0x0000000782700000| PB 0x0000000782700000| Complete 
|  40|0x0000000782800000, 0x0000000782900000, 0x0000000782900000|100%|HC|  |TAMS 0x0000000782800000| PB 0x0000000782800000| Complete 
|  41|0x0000000782900000, 0x0000000782a00000, 0x0000000782a00000|100%|HC|  |TAMS 0x0000000782900000| PB 0x0000000782900000| Complete 
|  42|0x0000000782a00000, 0x0000000782b00000, 0x0000000782b00000|100%|HS|  |TAMS 0x0000000782a00000| PB 0x0000000782a00000| Complete 
|  43|0x0000000782b00000, 0x0000000782c00000, 0x0000000782c00000|100%| O|  |TAMS 0x0000000782b00000| PB 0x0000000782b00000| Untracked 
|  44|0x0000000782c00000, 0x0000000782d00000, 0x0000000782d00000|100%| O|  |TAMS 0x0000000782c00000| PB 0x0000000782c00000| Untracked 
|  45|0x0000000782d00000, 0x0000000782e00000, 0x0000000782e00000|100%| O|  |TAMS 0x0000000782d00000| PB 0x0000000782d00000| Untracked 
|  46|0x0000000782e00000, 0x0000000782f00000, 0x0000000782f00000|100%| O|  |TAMS 0x0000000782e00000| PB 0x0000000782e00000| Untracked 
|  47|0x0000000782f00000, 0x0000000783000000, 0x0000000783000000|100%| O|  |TAMS 0x0000000782f00000| PB 0x0000000782f00000| Untracked 
|  48|0x0000000783000000, 0x0000000783100000, 0x0000000783100000|100%| O|  |TAMS 0x0000000783000000| PB 0x0000000783000000| Untracked 
|  49|0x0000000783100000, 0x0000000783200000, 0x0000000783200000|100%| O|  |TAMS 0x0000000783100000| PB 0x0000000783100000| Untracked 
|  50|0x0000000783200000, 0x0000000783300000, 0x0000000783300000|100%| O|  |TAMS 0x0000000783200000| PB 0x0000000783200000| Untracked 
|  51|0x0000000783300000, 0x0000000783400000, 0x0000000783400000|100%| O|  |TAMS 0x0000000783300000| PB 0x0000000783300000| Untracked 
|  52|0x0000000783400000, 0x0000000783500000, 0x0000000783500000|100%| O|  |TAMS 0x0000000783400000| PB 0x0000000783400000| Untracked 
|  53|0x0000000783500000, 0x0000000783600000, 0x0000000783600000|100%| O|  |TAMS 0x0000000783500000| PB 0x0000000783500000| Untracked 
|  54|0x0000000783600000, 0x0000000783700000, 0x0000000783700000|100%| O|  |TAMS 0x0000000783600000| PB 0x0000000783600000| Untracked 
|  55|0x0000000783700000, 0x0000000783700000, 0x0000000783800000|  0%| F|  |TAMS 0x0000000783700000| PB 0x0000000783700000| Untracked 
|  56|0x0000000783800000, 0x0000000783800000, 0x0000000783900000|  0%| F|  |TAMS 0x0000000783800000| PB 0x0000000783800000| Untracked 
|  57|0x0000000783900000, 0x000000078391efd0, 0x0000000783a00000| 12%| O|  |TAMS 0x0000000783900000| PB 0x0000000783900000| Untracked 
|  58|0x0000000783a00000, 0x0000000783a00000, 0x0000000783b00000|  0%| F|  |TAMS 0x0000000783a00000| PB 0x0000000783a00000| Untracked 
|  59|0x0000000783b00000, 0x0000000783b00000, 0x0000000783c00000|  0%| F|  |TAMS 0x0000000783b00000| PB 0x0000000783b00000| Untracked 
|  60|0x0000000783c00000, 0x0000000783c00000, 0x0000000783d00000|  0%| F|  |TAMS 0x0000000783c00000| PB 0x0000000783c00000| Untracked 
|  61|0x0000000783d00000, 0x0000000783d00000, 0x0000000783e00000|  0%| F|  |TAMS 0x0000000783d00000| PB 0x0000000783d00000| Untracked 
|  62|0x0000000783e00000, 0x0000000783e00000, 0x0000000783f00000|  0%| F|  |TAMS 0x0000000783e00000| PB 0x0000000783e00000| Untracked 
|  63|0x0000000783f00000, 0x0000000783f02920, 0x0000000784000000|  1%| S|CS|TAMS 0x0000000783f00000| PB 0x0000000783f00000| Complete 
|  64|0x0000000784000000, 0x0000000784000000, 0x0000000784100000|  0%| F|  |TAMS 0x0000000784000000| PB 0x0000000784000000| Untracked 
|  65|0x0000000784100000, 0x0000000784100000, 0x0000000784200000|  0%| F|  |TAMS 0x0000000784100000| PB 0x0000000784100000| Untracked 
|  66|0x0000000784200000, 0x0000000784200000, 0x0000000784300000|  0%| F|  |TAMS 0x0000000784200000| PB 0x0000000784200000| Untracked 
|  67|0x0000000784300000, 0x0000000784300000, 0x0000000784400000|  0%| F|  |TAMS 0x0000000784300000| PB 0x0000000784300000| Untracked 
|  68|0x0000000784400000, 0x0000000784400000, 0x0000000784500000|  0%| F|  |TAMS 0x0000000784400000| PB 0x0000000784400000| Untracked 
|  69|0x0000000784500000, 0x0000000784500000, 0x0000000784600000|  0%| F|  |TAMS 0x0000000784500000| PB 0x0000000784500000| Untracked 
|  70|0x0000000784600000, 0x0000000784600800, 0x0000000784700000|  0%| E|  |TAMS 0x0000000784600000| PB 0x0000000784600000| Complete 
|  71|0x0000000784700000, 0x0000000784800000, 0x0000000784800000|100%| E|CS|TAMS 0x0000000784700000| PB 0x0000000784700000| Complete 
|  72|0x0000000784800000, 0x0000000784900000, 0x0000000784900000|100%| E|CS|TAMS 0x0000000784800000| PB 0x0000000784800000| Complete 
|  73|0x0000000784900000, 0x0000000784a00000, 0x0000000784a00000|100%| E|CS|TAMS 0x0000000784900000| PB 0x0000000784900000| Complete 
|  74|0x0000000784a00000, 0x0000000784b00000, 0x0000000784b00000|100%| E|CS|TAMS 0x0000000784a00000| PB 0x0000000784a00000| Complete 
|  75|0x0000000784b00000, 0x0000000784c00000, 0x0000000784c00000|100%| E|CS|TAMS 0x0000000784b00000| PB 0x0000000784b00000| Complete 
|  76|0x0000000784c00000, 0x0000000784d00000, 0x0000000784d00000|100%| E|CS|TAMS 0x0000000784c00000| PB 0x0000000784c00000| Complete 
|  77|0x0000000784d00000, 0x0000000784e00000, 0x0000000784e00000|100%| E|CS|TAMS 0x0000000784d00000| PB 0x0000000784d00000| Complete 
|  78|0x0000000784e00000, 0x0000000784f00000, 0x0000000784f00000|100%| E|CS|TAMS 0x0000000784e00000| PB 0x0000000784e00000| Complete 
|  79|0x0000000784f00000, 0x0000000785000000, 0x0000000785000000|100%| E|CS|TAMS 0x0000000784f00000| PB 0x0000000784f00000| Complete 
|  80|0x0000000785000000, 0x0000000785100000, 0x0000000785100000|100%| E|CS|TAMS 0x0000000785000000| PB 0x0000000785000000| Complete 
|  81|0x0000000785100000, 0x0000000785200000, 0x0000000785200000|100%| E|CS|TAMS 0x0000000785100000| PB 0x0000000785100000| Complete 
|  82|0x0000000785200000, 0x0000000785300000, 0x0000000785300000|100%| E|CS|TAMS 0x0000000785200000| PB 0x0000000785200000| Complete 
|  83|0x0000000785300000, 0x0000000785400000, 0x0000000785400000|100%| E|CS|TAMS 0x0000000785300000| PB 0x0000000785300000| Complete 
|  84|0x0000000785400000, 0x0000000785500000, 0x0000000785500000|100%| E|CS|TAMS 0x0000000785400000| PB 0x0000000785400000| Complete 
|  85|0x0000000785500000, 0x0000000785600000, 0x0000000785600000|100%| E|CS|TAMS 0x0000000785500000| PB 0x0000000785500000| Complete 
|  86|0x0000000785600000, 0x0000000785700000, 0x0000000785700000|100%| E|CS|TAMS 0x0000000785600000| PB 0x0000000785600000| Complete 
|  87|0x0000000785700000, 0x0000000785800000, 0x0000000785800000|100%| E|CS|TAMS 0x0000000785700000| PB 0x0000000785700000| Complete 
|  88|0x0000000785800000, 0x0000000785900000, 0x0000000785900000|100%| E|CS|TAMS 0x0000000785800000| PB 0x0000000785800000| Complete 
|  89|0x0000000785900000, 0x0000000785a00000, 0x0000000785a00000|100%| E|CS|TAMS 0x0000000785900000| PB 0x0000000785900000| Complete 
|  90|0x0000000785a00000, 0x0000000785b00000, 0x0000000785b00000|100%| E|CS|TAMS 0x0000000785a00000| PB 0x0000000785a00000| Complete 
|  91|0x0000000785b00000, 0x0000000785c00000, 0x0000000785c00000|100%| E|CS|TAMS 0x0000000785b00000| PB 0x0000000785b00000| Complete 
|  92|0x0000000785c00000, 0x0000000785d00000, 0x0000000785d00000|100%| E|CS|TAMS 0x0000000785c00000| PB 0x0000000785c00000| Complete 
|  93|0x0000000785d00000, 0x0000000785e00000, 0x0000000785e00000|100%| E|CS|TAMS 0x0000000785d00000| PB 0x0000000785d00000| Complete 
|  94|0x0000000785e00000, 0x0000000785f00000, 0x0000000785f00000|100%| E|CS|TAMS 0x0000000785e00000| PB 0x0000000785e00000| Complete 
|  95|0x0000000785f00000, 0x0000000786000000, 0x0000000786000000|100%| E|CS|TAMS 0x0000000785f00000| PB 0x0000000785f00000| Complete 
|  96|0x0000000786000000, 0x0000000786100000, 0x0000000786100000|100%| E|CS|TAMS 0x0000000786000000| PB 0x0000000786000000| Complete 
|  97|0x0000000786100000, 0x0000000786200000, 0x0000000786200000|100%| E|CS|TAMS 0x0000000786100000| PB 0x0000000786100000| Complete 
|  98|0x0000000786200000, 0x0000000786300000, 0x0000000786300000|100%| E|CS|TAMS 0x0000000786200000| PB 0x0000000786200000| Complete 
|  99|0x0000000786300000, 0x0000000786400000, 0x0000000786400000|100%| E|CS|TAMS 0x0000000786300000| PB 0x0000000786300000| Complete 
| 100|0x0000000786400000, 0x0000000786500000, 0x0000000786500000|100%| E|CS|TAMS 0x0000000786400000| PB 0x0000000786400000| Complete 
| 101|0x0000000786500000, 0x0000000786600000, 0x0000000786600000|100%| E|CS|TAMS 0x0000000786500000| PB 0x0000000786500000| Complete 
| 102|0x0000000786600000, 0x0000000786700000, 0x0000000786700000|100%| E|CS|TAMS 0x0000000786600000| PB 0x0000000786600000| Complete 
| 103|0x0000000786700000, 0x0000000786800000, 0x0000000786800000|100%| E|CS|TAMS 0x0000000786700000| PB 0x0000000786700000| Complete 
| 104|0x0000000786800000, 0x0000000786900000, 0x0000000786900000|100%| E|CS|TAMS 0x0000000786800000| PB 0x0000000786800000| Complete 
| 105|0x0000000786900000, 0x0000000786a00000, 0x0000000786a00000|100%| E|CS|TAMS 0x0000000786900000| PB 0x0000000786900000| Complete 
| 106|0x0000000786a00000, 0x0000000786b00000, 0x0000000786b00000|100%| E|CS|TAMS 0x0000000786a00000| PB 0x0000000786a00000| Complete 
| 107|0x0000000786b00000, 0x0000000786c00000, 0x0000000786c00000|100%| E|CS|TAMS 0x0000000786b00000| PB 0x0000000786b00000| Complete 
| 108|0x0000000786c00000, 0x0000000786d00000, 0x0000000786d00000|100%| E|CS|TAMS 0x0000000786c00000| PB 0x0000000786c00000| Complete 
| 109|0x0000000786d00000, 0x0000000786e00000, 0x0000000786e00000|100%| E|CS|TAMS 0x0000000786d00000| PB 0x0000000786d00000| Complete 
| 110|0x0000000786e00000, 0x0000000786f00000, 0x0000000786f00000|100%| E|CS|TAMS 0x0000000786e00000| PB 0x0000000786e00000| Complete 
| 111|0x0000000786f00000, 0x0000000787000000, 0x0000000787000000|100%| E|CS|TAMS 0x0000000786f00000| PB 0x0000000786f00000| Complete 
| 112|0x0000000787000000, 0x0000000787100000, 0x0000000787100000|100%| E|CS|TAMS 0x0000000787000000| PB 0x0000000787000000| Complete 
| 113|0x0000000787100000, 0x0000000787200000, 0x0000000787200000|100%| E|CS|TAMS 0x0000000787100000| PB 0x0000000787100000| Complete 
| 114|0x0000000787200000, 0x0000000787300000, 0x0000000787300000|100%| E|CS|TAMS 0x0000000787200000| PB 0x0000000787200000| Complete 
| 115|0x0000000787300000, 0x0000000787400000, 0x0000000787400000|100%| E|CS|TAMS 0x0000000787300000| PB 0x0000000787300000| Complete 
| 116|0x0000000787400000, 0x0000000787500000, 0x0000000787500000|100%| E|CS|TAMS 0x0000000787400000| PB 0x0000000787400000| Complete 
| 117|0x0000000787500000, 0x0000000787600000, 0x0000000787600000|100%| E|CS|TAMS 0x0000000787500000| PB 0x0000000787500000| Complete 
| 118|0x0000000787600000, 0x0000000787700000, 0x0000000787700000|100%| E|CS|TAMS 0x0000000787600000| PB 0x0000000787600000| Complete 
| 119|0x0000000787700000, 0x0000000787800000, 0x0000000787800000|100%| E|CS|TAMS 0x0000000787700000| PB 0x0000000787700000| Complete 
| 120|0x0000000787800000, 0x0000000787900000, 0x0000000787900000|100%| E|CS|TAMS 0x0000000787800000| PB 0x0000000787800000| Complete 
| 121|0x0000000787900000, 0x0000000787a00000, 0x0000000787a00000|100%| E|CS|TAMS 0x0000000787900000| PB 0x0000000787900000| Complete 
| 122|0x0000000787a00000, 0x0000000787b00000, 0x0000000787b00000|100%| E|CS|TAMS 0x0000000787a00000| PB 0x0000000787a00000| Complete 
| 123|0x0000000787b00000, 0x0000000787c00000, 0x0000000787c00000|100%| E|CS|TAMS 0x0000000787b00000| PB 0x0000000787b00000| Complete 
| 124|0x0000000787c00000, 0x0000000787d00000, 0x0000000787d00000|100%| E|CS|TAMS 0x0000000787c00000| PB 0x0000000787c00000| Complete 
| 125|0x0000000787d00000, 0x0000000787e00000, 0x0000000787e00000|100%| E|CS|TAMS 0x0000000787d00000| PB 0x0000000787d00000| Complete 
| 126|0x0000000787e00000, 0x0000000787f00000, 0x0000000787f00000|100%| E|CS|TAMS 0x0000000787e00000| PB 0x0000000787e00000| Complete 
| 127|0x0000000787f00000, 0x0000000788000000, 0x0000000788000000|100%| E|CS|TAMS 0x0000000787f00000| PB 0x0000000787f00000| Complete 
|2046|0x00000007ffe00000, 0x00000007fff00000, 0x00000007fff00000|100%| O|  |TAMS 0x00000007ffe00000| PB 0x00000007ffe00000| Untracked 
|2047|0x00000007fff00000, 0x0000000800000000, 0x0000000800000000|100%| E|CS|TAMS 0x00000007fff00000| PB 0x00000007fff00000| Complete 

Card table byte_map: [0x000000010d4bb000,0x000000010d8bb000] _byte_map_base: 0x00000001098bb000

Marking Bits: (CMBitMap*) 0x00007f866b80a210
 Bits: [0x00000001285f4000, 0x000000012a5f4000)

Polling page: 0x00000001047c0000

Metaspace:

Usage:
  Non-class:     12.39 MB used.
      Class:      1.33 MB used.
       Both:     13.73 MB used.

Virtual space:
  Non-class space:       64.00 MB reserved,      12.56 MB ( 20%) committed,  1 nodes.
      Class space:        1.00 GB reserved,       1.50 MB ( <1%) committed,  1 nodes.
             Both:        1.06 GB reserved,      14.06 MB (  1%) committed. 

Chunk freelists:
   Non-Class:  3.00 MB
       Class:  14.59 MB
        Both:  17.60 MB

MaxMetaspaceSize: unlimited
CompressedClassSpaceSize: 1.00 GB
Initial GC threshold: 21.00 MB
Current GC threshold: 23.25 MB
CDS: on
 - commit_granule_bytes: 65536.
 - commit_granule_words: 8192.
 - virtual_space_node_default_size: 8388608.
 - enlarge_chunks_in_place: 1.
 - use_allocation_guard: 0.


Internal statistics:

num_allocs_failed_limit: 0.
num_arena_births: 236.
num_arena_deaths: 70.
num_vsnodes_births: 2.
num_vsnodes_deaths: 0.
num_space_committed: 225.
num_space_uncommitted: 0.
num_chunks_returned_to_freelist: 80.
num_chunks_taken_from_freelist: 356.
num_chunk_merges: 15.
num_chunk_splits: 207.
num_chunks_enlarged: 105.
num_inconsistent_stats: 0.

CodeHeap 'non-profiled nmethods': size=120028Kb used=5474Kb max_used=6738Kb free=114553Kb
 bounds [0x00000001210bd000, 0x000000012175d000, 0x00000001285f4000]
CodeHeap 'profiled nmethods': size=120028Kb used=6591Kb max_used=10194Kb free=113436Kb
 bounds [0x00000001195f4000, 0x0000000119ff4000, 0x0000000120b2b000]
CodeHeap 'non-nmethods': size=5704Kb used=1639Kb max_used=1694Kb free=4065Kb
 bounds [0x0000000120b2b000, 0x0000000120d9b000, 0x00000001210bd000]
 total_blobs=4877 nmethods=4172 adapters=610
 compilation: enabled
              stopped_count=0, restarted_count=0
 full_count=0

Compilation events (20 events):
Event: 41692.037 Thread 0x00007f866c018a00 5601   !   4       sun.java2d.Disposer::safeDispose (19 bytes)
Event: 41692.050 Thread 0x00007f866c018a00 nmethod 5601 0x00000001215d4a90 code [0x00000001215d4c40, 0x00000001215d4de0]
Event: 47816.744 Thread 0x00007f866c019200 5602       3       java.util.concurrent.ConcurrentSkipListMap::cpr (26 bytes)
Event: 47816.827 Thread 0x00007f866c019200 nmethod 5602 0x0000000119b2b790 code [0x0000000119b2b960, 0x0000000119b2bd48]
Event: 47816.828 Thread 0x00007f866c019200 5603       3       java.net.InetAddress$CachedLookup::compareTo (9 bytes)
Event: 47816.844 Thread 0x00007f866c019200 nmethod 5603 0x0000000119a8a590 code [0x0000000119a8a740, 0x0000000119a8a978]
Event: 47816.844 Thread 0x00007f866c019200 5604       3       java.net.InetAddress$CachedLookup::compareTo (38 bytes)
Event: 47816.847 Thread 0x00007f866c019200 nmethod 5604 0x000000011963a710 code [0x000000011963a8e0, 0x000000011963ac58]
Event: 54133.119 Thread 0x00007f866c019200 5605 % !   3       javax.swing.TimerQueue::run @ 9 (202 bytes)
Event: 54133.185 Thread 0x00007f866c019200 nmethod 5605% 0x00000001198b8390 code [0x00000001198b86c0, 0x00000001198b9830]
Event: 55026.765 Thread 0x00007f866c019200 5606       3       sun.nio.ch.SocketOptionRegistry$RegistryKey::<init> (15 bytes)
Event: 55026.805 Thread 0x00007f866c019200 nmethod 5606 0x0000000119ae5690 code [0x0000000119ae5840, 0x0000000119ae5a68]
Event: 55026.806 Thread 0x00007f866c019200 5607       3       sun.nio.ch.SocketOptionRegistry$RegistryKey::hashCode (20 bytes)
Event: 55026.807 Thread 0x00007f866c019200 nmethod 5607 0x0000000119c94190 code [0x0000000119c94340, 0x0000000119c945f8]
Event: 55160.960 Thread 0x00007f866c019200 5608   !   3       javax.swing.TimerQueue::run (202 bytes)
Event: 55160.976 Thread 0x00007f866c019200 nmethod 5608 0x00000001196ec910 code [0x00000001196ecc20, 0x00000001196edc88]
Event: 56817.284 Thread 0x00007f866c019200 5609       3       java.util.Collections$UnmodifiableCollection::contains (11 bytes)
Event: 56817.311 Thread 0x00007f866c019200 nmethod 5609 0x0000000119ce2c90 code [0x0000000119ce2e40, 0x0000000119ce3018]
Event: 61842.426 Thread 0x00007f866c018a00 5610       4       jdk.internal.misc.InnocuousThread::eraseThreadLocals (23 bytes)
Event: 61842.482 Thread 0x00007f866c018a00 nmethod 5610 0x000000012132b490 code [0x000000012132b600, 0x000000012132b738]

GC Heap History (20 events):
Event: 56437.480 GC heap before
{Heap before GC invocations=113 (full 0):
 garbage-first heap   total 133120K, used 123016K [0x0000000780000000, 0x0000000800000000)
  region size 1024K, 65 young (66560K), 1 survivors (1024K)
 Metaspace       used 14055K, committed 14400K, reserved 1114112K
  class space    used 1366K, committed 1536K, reserved 1048576K
}
Event: 56437.490 GC heap after
{Heap after GC invocations=114 (full 0):
 garbage-first heap   total 133120K, used 57478K [0x0000000780000000, 0x0000000800000000)
  region size 1024K, 1 young (1024K), 1 survivors (1024K)
 Metaspace       used 14055K, committed 14400K, reserved 1114112K
  class space    used 1366K, committed 1536K, reserved 1048576K
}
Event: 57113.335 GC heap before
{Heap before GC invocations=114 (full 0):
 garbage-first heap   total 133120K, used 123014K [0x0000000780000000, 0x0000000800000000)
  region size 1024K, 65 young (66560K), 1 survivors (1024K)
 Metaspace       used 14055K, committed 14400K, reserved 1114112K
  class space    used 1366K, committed 1536K, reserved 1048576K
}
Event: 57113.350 GC heap after
{Heap after GC invocations=115 (full 0):
 garbage-first heap   total 133120K, used 57478K [0x0000000780000000, 0x0000000800000000)
  region size 1024K, 1 young (1024K), 1 survivors (1024K)
 Metaspace       used 14055K, committed 14400K, reserved 1114112K
  class space    used 1366K, committed 1536K, reserved 1048576K
}
Event: 57794.980 GC heap before
{Heap before GC invocations=115 (full 0):
 garbage-first heap   total 133120K, used 123014K [0x0000000780000000, 0x0000000800000000)
  region size 1024K, 65 young (66560K), 1 survivors (1024K)
 Metaspace       used 14055K, committed 14400K, reserved 1114112K
  class space    used 1366K, committed 1536K, reserved 1048576K
}
Event: 57795.006 GC heap after
{Heap after GC invocations=116 (full 0):
 garbage-first heap   total 133120K, used 57478K [0x0000000780000000, 0x0000000800000000)
  region size 1024K, 1 young (1024K), 1 survivors (1024K)
 Metaspace       used 14055K, committed 14400K, reserved 1114112K
  class space    used 1366K, committed 1536K, reserved 1048576K
}
Event: 58469.349 GC heap before
{Heap before GC invocations=116 (full 0):
 garbage-first heap   total 133120K, used 123014K [0x0000000780000000, 0x0000000800000000)
  region size 1024K, 65 young (66560K), 1 survivors (1024K)
 Metaspace       used 14055K, committed 14400K, reserved 1114112K
  class space    used 1366K, committed 1536K, reserved 1048576K
}
Event: 58469.371 GC heap after
{Heap after GC invocations=117 (full 0):
 garbage-first heap   total 133120K, used 57478K [0x0000000780000000, 0x0000000800000000)
  region size 1024K, 1 young (1024K), 1 survivors (1024K)
 Metaspace       used 14055K, committed 14400K, reserved 1114112K
  class space    used 1366K, committed 1536K, reserved 1048576K
}
Event: 59143.675 GC heap before
{Heap before GC invocations=117 (full 0):
 garbage-first heap   total 133120K, used 123014K [0x0000000780000000, 0x0000000800000000)
  region size 1024K, 65 young (66560K), 1 survivors (1024K)
 Metaspace       used 14055K, committed 14400K, reserved 1114112K
  class space    used 1366K, committed 1536K, reserved 1048576K
}
Event: 59143.694 GC heap after
{Heap after GC invocations=118 (full 0):
 garbage-first heap   total 133120K, used 57478K [0x0000000780000000, 0x0000000800000000)
  region size 1024K, 1 young (1024K), 1 survivors (1024K)
 Metaspace       used 14055K, committed 14400K, reserved 1114112K
  class space    used 1366K, committed 1536K, reserved 1048576K
}
Event: 59824.907 GC heap before
{Heap before GC invocations=118 (full 0):
 garbage-first heap   total 133120K, used 123014K [0x0000000780000000, 0x0000000800000000)
  region size 1024K, 65 young (66560K), 1 survivors (1024K)
 Metaspace       used 14055K, committed 14400K, reserved 1114112K
  class space    used 1366K, committed 1536K, reserved 1048576K
}
Event: 59824.922 GC heap after
{Heap after GC invocations=119 (full 0):
 garbage-first heap   total 133120K, used 57480K [0x0000000780000000, 0x0000000800000000)
  region size 1024K, 1 young (1024K), 1 survivors (1024K)
 Metaspace       used 14055K, committed 14400K, reserved 1114112K
  class space    used 1366K, committed 1536K, reserved 1048576K
}
Event: 60501.072 GC heap before
{Heap before GC invocations=119 (full 0):
 garbage-first heap   total 133120K, used 123016K [0x0000000780000000, 0x0000000800000000)
  region size 1024K, 65 young (66560K), 1 survivors (1024K)
 Metaspace       used 14055K, committed 14400K, reserved 1114112K
  class space    used 1366K, committed 1536K, reserved 1048576K
}
Event: 60501.092 GC heap after
{Heap after GC invocations=120 (full 0):
 garbage-first heap   total 133120K, used 57479K [0x0000000780000000, 0x0000000800000000)
  region size 1024K, 1 young (1024K), 1 survivors (1024K)
 Metaspace       used 14055K, committed 14400K, reserved 1114112K
  class space    used 1366K, committed 1536K, reserved 1048576K
}
Event: 61183.272 GC heap before
{Heap before GC invocations=120 (full 0):
 garbage-first heap   total 133120K, used 123015K [0x0000000780000000, 0x0000000800000000)
  region size 1024K, 65 young (66560K), 1 survivors (1024K)
 Metaspace       used 14055K, committed 14400K, reserved 1114112K
  class space    used 1366K, committed 1536K, reserved 1048576K
}
Event: 61183.300 GC heap after
{Heap after GC invocations=121 (full 0):
 garbage-first heap   total 133120K, used 57480K [0x0000000780000000, 0x0000000800000000)
  region size 1024K, 1 young (1024K), 1 survivors (1024K)
 Metaspace       used 14055K, committed 14400K, reserved 1114112K
  class space    used 1366K, committed 1536K, reserved 1048576K
}
Event: 61864.533 GC heap before
{Heap before GC invocations=121 (full 0):
 garbage-first heap   total 133120K, used 123016K [0x0000000780000000, 0x0000000800000000)
  region size 1024K, 65 young (66560K), 1 survivors (1024K)
 Metaspace       used 14055K, committed 14400K, reserved 1114112K
  class space    used 1366K, committed 1536K, reserved 1048576K
}
Event: 61864.547 GC heap after
{Heap after GC invocations=122 (full 0):
 garbage-first heap   total 133120K, used 57480K [0x0000000780000000, 0x0000000800000000)
  region size 1024K, 1 young (1024K), 1 survivors (1024K)
 Metaspace       used 14055K, committed 14400K, reserved 1114112K
  class space    used 1366K, committed 1536K, reserved 1048576K
}
Event: 62545.617 GC heap before
{Heap before GC invocations=122 (full 0):
 garbage-first heap   total 133120K, used 123016K [0x0000000780000000, 0x0000000800000000)
  region size 1024K, 65 young (66560K), 1 survivors (1024K)
 Metaspace       used 14055K, committed 14400K, reserved 1114112K
  class space    used 1366K, committed 1536K, reserved 1048576K
}
Event: 62545.640 GC heap after
{Heap after GC invocations=123 (full 0):
 garbage-first heap   total 133120K, used 57478K [0x0000000780000000, 0x0000000800000000)
  region size 1024K, 1 young (1024K), 1 survivors (1024K)
 Metaspace       used 14055K, committed 14400K, reserved 1114112K
  class space    used 1366K, committed 1536K, reserved 1048576K
}

Dll operation events (11 events):
Event: 0.009 Loaded shared library /Applications/Apache NetBeans.app/Contents/Home/lib/libjava.dylib
Event: 0.061 Loaded shared library /Applications/Apache NetBeans.app/Contents/Home/lib/libnio.dylib
Event: 0.079 Loaded shared library /Applications/Apache NetBeans.app/Contents/Home/lib/libzip.dylib
Event: 0.109 Loaded shared library /Applications/Apache NetBeans.app/Contents/Home/lib/libjimage.dylib
Event: 0.114 Loaded shared library /Applications/Apache NetBeans.app/Contents/Home/lib/libverify.dylib
Event: 0.385 Loaded shared library /Applications/Apache NetBeans.app/Contents/Home/lib/libnet.dylib
Event: 0.409 Loaded shared library /Applications/Apache NetBeans.app/Contents/Home/lib/libextnet.dylib
Event: 0.682 Loaded shared library /Applications/Apache NetBeans.app/Contents/Home/lib/libawt.dylib
Event: 0.687 Loaded shared library /Applications/Apache NetBeans.app/Contents/Home/lib/libawt_lwawt.dylib
Event: 0.725 Loaded shared library /Applications/Apache NetBeans.app/Contents/Home/lib/libfontmanager.dylib
Event: 1.081 Loaded shared library /Applications/Apache NetBeans.app/Contents/Home/lib/libosxui.dylib

Deoptimization events (20 events):
Event: 39625.959 Thread 0x00007f866b914400 Uncommon trap: trap_request=0xffffffde fr.pc=0x0000000121323224 relative=0x0000000000002fa4
Event: 39625.959 Thread 0x00007f866b914400 Uncommon trap: reason=class_check action=maybe_recompile pc=0x0000000121323224 method=sun.java2d.SunGraphics2D.scaleImage(Ljava/awt/Image;IIIIIIIILjava/awt/Color;Ljava/awt/image/ImageObserver;)Z @ 71 c2
Event: 39625.959 Thread 0x00007f866b914400 DEOPT PACKING pc=0x0000000121323224 sp=0x000000030ed8f170
Event: 39625.959 Thread 0x00007f866b914400 DEOPT UNPACKING pc=0x0000000120b7ef93 sp=0x000000030ed8efe0 mode 2
Event: 41493.216 Thread 0x00007f866b914400 Uncommon trap: trap_request=0xffffffde fr.pc=0x0000000121323224 relative=0x0000000000002fa4
Event: 41493.222 Thread 0x00007f866b914400 Uncommon trap: reason=class_check action=maybe_recompile pc=0x0000000121323224 method=sun.java2d.SunGraphics2D.scaleImage(Ljava/awt/Image;IIIIIIIILjava/awt/Color;Ljava/awt/image/ImageObserver;)Z @ 71 c2
Event: 41493.239 Thread 0x00007f866b914400 DEOPT PACKING pc=0x0000000121323224 sp=0x000000030ed8f3f0
Event: 41493.242 Thread 0x00007f866b914400 DEOPT UNPACKING pc=0x0000000120b7ef93 sp=0x000000030ed8f260 mode 2
Event: 41493.340 Thread 0x00007f866b914400 Uncommon trap: trap_request=0xffffffde fr.pc=0x0000000121565228 relative=0x0000000000001328
Event: 41493.371 Thread 0x00007f866b914400 Uncommon trap: reason=class_check action=maybe_recompile pc=0x0000000121565228 method=sun.awt.image.SurfaceManager.getImageScaleX(Ljava/awt/Image;)D @ 18 c2
Event: 41493.371 Thread 0x00007f866b914400 DEOPT PACKING pc=0x0000000121565228 sp=0x000000030ed8f110
Event: 41493.371 Thread 0x00007f866b914400 DEOPT UNPACKING pc=0x0000000120b7ef93 sp=0x000000030ed8efe0 mode 2
Event: 41493.429 Thread 0x00007f866b914400 Uncommon trap: trap_request=0xffffffde fr.pc=0x000000012174f260 relative=0x0000000000001d60
Event: 41493.468 Thread 0x00007f866b914400 Uncommon trap: reason=class_check action=maybe_recompile pc=0x000000012174f260 method=sun.java2d.metal.MTLBlitLoops.Blit(Lsun/java2d/SurfaceData;Lsun/java2d/SurfaceData;Ljava/awt/Composite;Lsun/java2d/pipe/Region;Ljava/awt/geom/AffineTransform;IIIIIDDDDIZ
Event: 41493.473 Thread 0x00007f866b914400 DEOPT PACKING pc=0x000000012174f260 sp=0x000000030ed8ec70
Event: 41493.475 Thread 0x00007f866b914400 DEOPT UNPACKING pc=0x0000000120b7ef93 sp=0x000000030ed8ec18 mode 2
Event: 41497.836 Thread 0x00007f866b914400 Uncommon trap: trap_request=0xffffffde fr.pc=0x0000000121323224 relative=0x0000000000002fa4
Event: 41497.836 Thread 0x00007f866b914400 Uncommon trap: reason=class_check action=maybe_recompile pc=0x0000000121323224 method=sun.java2d.SunGraphics2D.scaleImage(Ljava/awt/Image;IIIIIIIILjava/awt/Color;Ljava/awt/image/ImageObserver;)Z @ 71 c2
Event: 41497.837 Thread 0x00007f866b914400 DEOPT PACKING pc=0x0000000121323224 sp=0x000000030ed8f140
Event: 41497.838 Thread 0x00007f866b914400 DEOPT UNPACKING pc=0x0000000120b7ef93 sp=0x000000030ed8efb0 mode 2

Classes loaded (20 events):
Event: 3486.941 Loading class com/apple/laf/AquaHighlighter$AquaHighlightPainter
Event: 3486.941 Loading class com/apple/laf/AquaHighlighter$AquaHighlightPainter done
Event: 3486.944 Loading class javax/swing/text/DefaultHighlighter$LayeredHighlightInfo
Event: 3486.944 Loading class javax/swing/text/DefaultHighlighter$HighlightInfo
Event: 3486.944 Loading class javax/swing/text/DefaultHighlighter$HighlightInfo done
Event: 3486.944 Loading class javax/swing/text/DefaultHighlighter$LayeredHighlightInfo done
Event: 3487.122 Loading class javax/swing/JPasswordField
Event: 3487.124 Loading class javax/swing/JPasswordField done
Event: 3487.128 Loading class java/awt/dnd/DragSource
Event: 3487.129 Loading class java/awt/dnd/DragSource done
Event: 14022.483 Loading class java/awt/KeyboardFocusManager$4
Event: 14022.491 Loading class java/awt/KeyboardFocusManager$4 done
Event: 35403.291 Loading class sun/lwawt/LWWindowPeer$1
Event: 35403.347 Loading class sun/lwawt/LWWindowPeer$1 done
Event: 35408.530 Loading class java/awt/image/BufferedImage$1
Event: 35408.570 Loading class java/awt/image/BufferedImage$1 done
Event: 35408.655 Loading class java/util/IdentityHashMap$ValueIterator
Event: 35408.675 Loading class java/util/IdentityHashMap$ValueIterator done
Event: 35408.893 Loading class javax/swing/RepaintManager$DisplayChangedRunnable
Event: 35408.901 Loading class javax/swing/RepaintManager$DisplayChangedRunnable done

Classes unloaded (20 events):
Event: 15890.851 Thread 0x00007f866af0ad90 Unloading class 0x000000012e01a800 'java/lang/invoke/LambdaForm$MH+0x000000012e01a800'
Event: 15890.851 Thread 0x00007f866af0ad90 Unloading class 0x000000012e01a400 'java/lang/invoke/LambdaForm$MH+0x000000012e01a400'
Event: 15890.851 Thread 0x00007f866af0ad90 Unloading class 0x000000012e01a000 'java/lang/invoke/LambdaForm$MH+0x000000012e01a000'
Event: 15890.851 Thread 0x00007f866af0ad90 Unloading class 0x000000012e019800 'java/lang/invoke/LambdaForm$MH+0x000000012e019800'
Event: 15890.851 Thread 0x00007f866af0ad90 Unloading class 0x000000012e018c00 'java/lang/invoke/LambdaForm$MH+0x000000012e018c00'
Event: 15890.851 Thread 0x00007f866af0ad90 Unloading class 0x000000012e018800 'java/lang/invoke/LambdaForm$MH+0x000000012e018800'
Event: 15890.851 Thread 0x00007f866af0ad90 Unloading class 0x000000012e018000 'java/lang/invoke/LambdaForm$MH+0x000000012e018000'
Event: 15890.851 Thread 0x00007f866af0ad90 Unloading class 0x000000012e013800 'java/lang/invoke/LambdaForm$MH+0x000000012e013800'
Event: 15890.851 Thread 0x00007f866af0ad90 Unloading class 0x000000012e012800 'java/lang/invoke/LambdaForm$MH+0x000000012e012800'
Event: 15890.851 Thread 0x00007f866af0ad90 Unloading class 0x000000012e012000 'java/lang/invoke/LambdaForm$MH+0x000000012e012000'
Event: 15890.851 Thread 0x00007f866af0ad90 Unloading class 0x000000012e011c00 'java/lang/invoke/LambdaForm$MH+0x000000012e011c00'
Event: 15890.851 Thread 0x00007f866af0ad90 Unloading class 0x000000012e011800 'java/lang/invoke/LambdaForm$MH+0x000000012e011800'
Event: 15890.851 Thread 0x00007f866af0ad90 Unloading class 0x000000012e011400 'java/lang/invoke/LambdaForm$BMH+0x000000012e011400'
Event: 15890.851 Thread 0x00007f866af0ad90 Unloading class 0x000000012e010000 'java/lang/invoke/LambdaForm$DMH+0x000000012e010000'
Event: 15890.851 Thread 0x00007f866af0ad90 Unloading class 0x000000012e00d000 'java/lang/invoke/LambdaForm$MH+0x000000012e00d000'
Event: 15890.851 Thread 0x00007f866af0ad90 Unloading class 0x000000012e00cc00 'java/lang/invoke/LambdaForm$MH+0x000000012e00cc00'
Event: 15890.851 Thread 0x00007f866af0ad90 Unloading class 0x000000012e00c800 'java/lang/invoke/LambdaForm$MH+0x000000012e00c800'
Event: 15890.851 Thread 0x00007f866af0ad90 Unloading class 0x000000012e006800 'java/lang/invoke/LambdaForm$MH+0x000000012e006800'
Event: 15890.851 Thread 0x00007f866af0ad90 Unloading class 0x000000012e006400 'java/lang/invoke/LambdaForm$MH+0x000000012e006400'
Event: 15890.851 Thread 0x00007f866af0ad90 Unloading class 0x000000012e004000 'java/lang/invoke/LambdaForm$MH+0x000000012e004000'

Classes redefined (0 events):
No events

Internal exceptions (20 events):
Event: 1.225 Thread 0x00007f866b80b000 Exception <a 'java/lang/NoSuchMethodError'{0x000000078776e120}: 'void java.lang.invoke.DirectMethodHandle$Holder.invokeStatic(java.lang.Object, int, long)'> (0x000000078776e120) 
thrown [src/hotspot/share/interpreter/linkResolver.cpp, line 773]
Event: 1.246 Thread 0x00007f866b80b000 Exception <a 'java/lang/NoSuchMethodError'{0x000000078761c0b8}: 'java.lang.Object java.lang.invoke.Invokers$Holder.linkToTargetMethod(int, int, int, int, java.lang.Object)'> (0x000000078761c0b8) 
thrown [src/hotspot/share/interpreter/linkResolver.cpp, line 773]
Event: 1.246 Thread 0x00007f866b80b000 Exception <a 'java/lang/NoSuchMethodError'{0x000000078761f6e8}: 'void java.lang.invoke.DirectMethodHandle$Holder.invokeStatic(java.lang.Object, java.lang.Object, long)'> (0x000000078761f6e8) 
thrown [src/hotspot/share/interpreter/linkResolver.cpp, line 773]
Event: 1.258 Thread 0x00007f865b834600 Exception <a 'java/lang/NoSuchMethodError'{0x0000000787939f50}: 'void java.lang.invoke.DirectMethodHandle$Holder.invokeSpecial(java.lang.Object, java.lang.Object, long)'> (0x0000000787939f50) 
thrown [src/hotspot/share/interpreter/linkResolver.cpp, line 773]
Event: 1.271 Thread 0x00007f866b914400 Exception <a 'java/lang/NoSuchMethodError'{0x00000007877ed420}: 'void java.lang.invoke.DirectMethodHandle$Holder.invokeStatic(java.lang.Object, long)'> (0x00000007877ed420) 
thrown [src/hotspot/share/interpreter/linkResolver.cpp, line 773]
Event: 1.528 Thread 0x00007f866b80b000 Exception <a 'java/lang/NoSuchMethodError'{0x00000007876c6f60}: 'void java.lang.invoke.DirectMethodHandle$Holder.invokeStatic(java.lang.Object, long, long)'> (0x00000007876c6f60) 
thrown [src/hotspot/share/interpreter/linkResolver.cpp, line 773]
Event: 1.528 Thread 0x00007f866b80b000 Exception <a 'java/lang/NoSuchMethodError'{0x00000007876cbd10}: 'java.lang.Object java.lang.invoke.DirectMethodHandle$Holder.newInvokeSpecial(java.lang.Object, long)'> (0x00000007876cbd10) 
thrown [src/hotspot/share/interpreter/linkResolver.cpp, line 773]
Event: 1.529 Thread 0x00007f866b80b000 Exception <a 'java/lang/NoSuchMethodError'{0x00000007876d4f20}: 'java.lang.Object java.lang.invoke.DirectMethodHandle$Holder.newInvokeSpecial(java.lang.Object, java.lang.Object, int)'> (0x00000007876d4f20) 
thrown [src/hotspot/share/interpreter/linkResolver.cpp, line 773]
Event: 1.742 Thread 0x00007f866b80b000 Implicit null exception at 0x000000012110ff3e to 0x000000012110ff9b
Event: 83.084 Thread 0x00007f866b914400 Implicit null exception at 0x0000000121193b0e to 0x0000000121195ac0
Event: 1164.662 Thread 0x00007f866b80b000 Implicit null exception at 0x00000001212834c3 to 0x0000000121287248
Event: 1164.715 Thread 0x00007f866b914400 Implicit null exception at 0x000000012120f1e9 to 0x000000012120fc38
Event: 1911.947 Thread 0x00007f866b914400 Implicit null exception at 0x0000000121204401 to 0x00000001212046a8
Event: 3481.808 Thread 0x00007f866b914400 Implicit null exception at 0x0000000121181397 to 0x0000000121181488
Event: 3486.941 Thread 0x00007f866b914400 Implicit null exception at 0x00000001211e2043 to 0x00000001211e2181
Event: 5988.889 Thread 0x00007f866b914400 Implicit null exception at 0x00000001214495d3 to 0x000000012144b6d8
Event: 35404.760 Thread 0x00007f865b834600 Implicit null exception at 0x0000000121616175 to 0x0000000121618424
Event: 35404.851 Thread 0x00007f865b834600 Implicit null exception at 0x000000012114107a to 0x0000000121141344
Event: 35863.068 Thread 0x00007f865b834600 Implicit null exception at 0x00000001214dd3b2 to 0x00000001214df320
Event: 39578.535 Thread 0x00007f866b914400 Implicit null exception at 0x00000001216ad0cf to 0x00000001216ade64

ZGC Phase Switch (0 events):
No events

VM Operations (20 events):
Event: 56437.479 Executing VM operation: G1CollectForAllocation (G1 Evacuation Pause)
Event: 56437.490 Executing VM operation: G1CollectForAllocation (G1 Evacuation Pause) done
Event: 57113.331 Executing VM operation: G1CollectForAllocation (G1 Evacuation Pause)
Event: 57113.350 Executing VM operation: G1CollectForAllocation (G1 Evacuation Pause) done
Event: 57794.977 Executing VM operation: G1CollectForAllocation (G1 Evacuation Pause)
Event: 57795.007 Executing VM operation: G1CollectForAllocation (G1 Evacuation Pause) done
Event: 58469.345 Executing VM operation: G1CollectForAllocation (G1 Evacuation Pause)
Event: 58469.372 Executing VM operation: G1CollectForAllocation (G1 Evacuation Pause) done
Event: 59143.673 Executing VM operation: G1CollectForAllocation (G1 Evacuation Pause)
Event: 59143.694 Executing VM operation: G1CollectForAllocation (G1 Evacuation Pause) done
Event: 59824.904 Executing VM operation: G1CollectForAllocation (G1 Evacuation Pause)
Event: 59824.923 Executing VM operation: G1CollectForAllocation (G1 Evacuation Pause) done
Event: 60501.068 Executing VM operation: G1CollectForAllocation (G1 Evacuation Pause)
Event: 60501.093 Executing VM operation: G1CollectForAllocation (G1 Evacuation Pause) done
Event: 61183.267 Executing VM operation: G1CollectForAllocation (G1 Evacuation Pause)
Event: 61183.301 Executing VM operation: G1CollectForAllocation (G1 Evacuation Pause) done
Event: 61864.530 Executing VM operation: G1CollectForAllocation (G1 Evacuation Pause)
Event: 61864.547 Executing VM operation: G1CollectForAllocation (G1 Evacuation Pause) done
Event: 62545.617 Executing VM operation: G1CollectForAllocation (G1 Evacuation Pause)
Event: 62545.640 Executing VM operation: G1CollectForAllocation (G1 Evacuation Pause) done

Events (20 events):
Event: 55016.750 Thread 0x00007f860b21b400 Thread added: 0x00007f860b21b400
Event: 55016.751 Protecting memory [0x000000030db31000,0x000000030db35000] with protection modes 0
Event: 55031.768 Protecting memory [0x000000030db31000,0x000000030db35000] with protection modes 3
Event: 55031.768 Thread 0x00007f860b21b400 Thread exited: 0x00007f860b21b400
Event: 56817.549 Thread 0x00007f866b0dd200 Thread added: 0x00007f866b0dd200
Event: 56817.549 Protecting memory [0x000000030f6b6000,0x000000030f6ba000] with protection modes 0
Event: 56832.569 Protecting memory [0x000000030f6b6000,0x000000030f6ba000] with protection modes 3
Event: 56832.569 Thread 0x00007f866b0dd200 Thread exited: 0x00007f866b0dd200
Event: 58617.133 Thread 0x00007f862b864a00 Thread added: 0x00007f862b864a00
Event: 58617.133 Protecting memory [0x000000030f6b6000,0x000000030f6ba000] with protection modes 0
Event: 58632.149 Protecting memory [0x000000030f6b6000,0x000000030f6ba000] with protection modes 3
Event: 58632.149 Thread 0x00007f862b864a00 Thread exited: 0x00007f862b864a00
Event: 60416.915 Thread 0x00007f862b864a00 Thread added: 0x00007f862b864a00
Event: 60416.916 Protecting memory [0x000000030db31000,0x000000030db35000] with protection modes 0
Event: 60431.933 Protecting memory [0x000000030db31000,0x000000030db35000] with protection modes 3
Event: 60431.933 Thread 0x00007f862b864a00 Thread exited: 0x00007f862b864a00
Event: 62216.817 Thread 0x00007f866c100800 Thread added: 0x00007f866c100800
Event: 62216.818 Protecting memory [0x000000030e55a000,0x000000030e55e000] with protection modes 0
Event: 62231.837 Protecting memory [0x000000030e55a000,0x000000030e55e000] with protection modes 3
Event: 62231.837 Thread 0x00007f866c100800 Thread exited: 0x00007f866c100800


Dynamic libraries:
0x000000010cd78000 	/Applications/Apache NetBeans.app/Contents/Home/lib/libjli.dylib
0x00007ff8182b0000 	/usr/lib/libz.1.dylib
0x00007ff81839a000 	/usr/lib/libSystem.B.dylib
0x00007ff818395000 	/usr/lib/system/libcache.dylib
0x00007ff818350000 	/usr/lib/system/libcommonCrypto.dylib
0x00007ff818379000 	/usr/lib/system/libcompiler_rt.dylib
0x00007ff81836f000 	/usr/lib/system/libcopyfile.dylib
0x00007ff80bfb3000 	/usr/lib/system/libcorecrypto.dylib
0x00007ff80c077000 	/usr/lib/system/libdispatch.dylib
0x00007ff80c1ff000 	/usr/lib/system/libdyld.dylib
0x00007ff81838b000 	/usr/lib/system/libkeymgr.dylib
0x00007ff81832f000 	/usr/lib/system/libmacho.dylib
0x00007ff8178fd000 	/usr/lib/system/libquarantine.dylib
0x00007ff818389000 	/usr/lib/system/libremovefile.dylib
0x00007ff810dfe000 	/usr/lib/system/libsystem_asl.dylib
0x00007ff80bf55000 	/usr/lib/system/libsystem_blocks.dylib
0x00007ff80c0c1000 	/usr/lib/system/libsystem_c.dylib
0x00007ff818381000 	/usr/lib/system/libsystem_collections.dylib
0x00007ff816bf5000 	/usr/lib/system/libsystem_configuration.dylib
0x00007ff815c69000 	/usr/lib/system/libsystem_containermanager.dylib
0x00007ff817fe8000 	/usr/lib/system/libsystem_coreservices.dylib
0x00007ff80ee7b000 	/usr/lib/system/libsystem_darwin.dylib
0x00007ff81838c000 	/usr/lib/system/libsystem_dnssd.dylib
0x00007ff80c0be000 	/usr/lib/system/libsystem_featureflags.dylib
0x00007ff80c22a000 	/usr/lib/system/libsystem_info.dylib
0x00007ff8182c3000 	/usr/lib/system/libsystem_m.dylib
0x00007ff80c04a000 	/usr/lib/system/libsystem_malloc.dylib
0x00007ff810d8d000 	/usr/lib/system/libsystem_networkextension.dylib
0x00007ff80f2c0000 	/usr/lib/system/libsystem_notify.dylib
0x00007ff816bf9000 	/usr/lib/system/libsystem_sandbox.dylib
0x00007ff818386000 	/usr/lib/system/libsystem_secinit.dylib
0x00007ff80c1b9000 	/usr/lib/system/libsystem_kernel.dylib
0x00007ff80c220000 	/usr/lib/system/libsystem_platform.dylib
0x00007ff80c1f3000 	/usr/lib/system/libsystem_pthread.dylib
0x00007ff81284e000 	/usr/lib/system/libsystem_symptoms.dylib
0x00007ff80bf99000 	/usr/lib/system/libsystem_trace.dylib
0x00007ff81835c000 	/usr/lib/system/libunwind.dylib
0x00007ff80bf59000 	/usr/lib/system/libxpc.dylib
0x00007ff80c1a3000 	/usr/lib/libc++abi.dylib
0x00007ff80be84000 	/usr/lib/libobjc.A.dylib
0x00007ff818367000 	/usr/lib/liboah.dylib
0x00007ff80c14a000 	/usr/lib/libc++.1.dylib
0x00007ff824828000 	/System/Library/Frameworks/Cocoa.framework/Versions/A/Cocoa
0x00007ff80f31f000 	/System/Library/Frameworks/AppKit.framework/Versions/C/AppKit
0x00007ff811fda000 	/System/Library/Frameworks/CoreData.framework/Versions/A/CoreData
0x00007ff80d00a000 	/System/Library/Frameworks/Foundation.framework/Versions/C/Foundation
0x00007ff810328000 	/System/Library/PrivateFrameworks/UIFoundation.framework/Versions/A/UIFoundation
0x00007ffb0ce87000 	/System/Library/PrivateFrameworks/CollectionViewCore.framework/Versions/A/CollectionViewCore
0x00007ff81e7e6000 	/System/Library/PrivateFrameworks/RemoteViewServices.framework/Versions/A/RemoteViewServices
0x00007ff816441000 	/System/Library/PrivateFrameworks/XCTTargetBootstrap.framework/Versions/A/XCTTargetBootstrap
0x00007ff81a2c9000 	/System/Library/PrivateFrameworks/InternationalSupport.framework/Versions/A/InternationalSupport
0x00007ff81a352000 	/System/Library/PrivateFrameworks/UserActivity.framework/Versions/A/UserActivity
0x00007ffb23159000 	/System/Library/PrivateFrameworks/WindowManagement.framework/Versions/A/WindowManagement
0x00007ff80ccf4000 	/System/Library/Frameworks/SystemConfiguration.framework/Versions/A/SystemConfiguration
0x00007ff8196c6000 	/usr/lib/libspindump.dylib
0x00007ff8104f6000 	/System/Library/Frameworks/UniformTypeIdentifiers.framework/Versions/A/UniformTypeIdentifiers
0x00007ff814921000 	/usr/lib/libapp_launch_measurement.dylib
0x00007ff813595000 	/System/Library/PrivateFrameworks/CoreAnalytics.framework/Versions/A/CoreAnalytics
0x00007ff814924000 	/System/Library/PrivateFrameworks/CoreAutoLayout.framework/Versions/A/CoreAutoLayout
0x00007ff815cb5000 	/System/Library/Frameworks/Metal.framework/Versions/A/Metal
0x00007ff816c04000 	/usr/lib/liblangid.dylib
0x00007ff816446000 	/System/Library/PrivateFrameworks/CoreSVG.framework/Versions/A/CoreSVG
0x00007ff810e30000 	/System/Library/PrivateFrameworks/SkyLight.framework/Versions/A/SkyLight
0x00007ff81121a000 	/System/Library/Frameworks/CoreGraphics.framework/Versions/A/CoreGraphics
0x00007ff81eeb8000 	/System/Library/Frameworks/Accelerate.framework/Versions/A/Accelerate
0x00007ff81913b000 	/System/Library/PrivateFrameworks/IconServices.framework/Versions/A/IconServices
0x00007ff815c98000 	/System/Library/Frameworks/IOSurface.framework/Versions/A/IOSurface
0x00007ff8135bf000 	/usr/lib/libDiagnosticMessagesClient.dylib
0x00007ff82243a000 	/System/Library/Frameworks/ApplicationServices.framework/Versions/A/ApplicationServices
0x00007ff81642d000 	/System/Library/PrivateFrameworks/DFRFoundation.framework/Versions/A/DFRFoundation
0x00007ff80ebe7000 	/usr/lib/libicucore.A.dylib
0x00007ff81b16c000 	/System/Library/Frameworks/AudioToolbox.framework/Versions/A/AudioToolbox
0x00007ff81a2d4000 	/System/Library/PrivateFrameworks/DataDetectorsCore.framework/Versions/A/DataDetectorsCore
0x00007ff913abf000 	/System/Library/PrivateFrameworks/TextInput.framework/Versions/A/TextInput
0x00007ff810da5000 	/usr/lib/libMobileGestalt.dylib
0x00007ff816135000 	/System/Library/Frameworks/Carbon.framework/Versions/A/Frameworks/HIToolbox.framework/Versions/A/HIToolbox
0x00007ff8142c2000 	/System/Library/Frameworks/QuartzCore.framework/Versions/A/QuartzCore
0x00007ff80e865000 	/System/Library/Frameworks/Security.framework/Versions/A/Security
0x00007ff81e81e000 	/System/Library/Frameworks/Carbon.framework/Versions/A/Frameworks/SpeechRecognition.framework/Versions/A/SpeechRecognition
0x00007ff814661000 	/System/Library/PrivateFrameworks/CoreUI.framework/Versions/A/CoreUI
0x00007ff80e146000 	/System/Library/Frameworks/CoreAudio.framework/Versions/A/CoreAudio
0x00007ff813699000 	/System/Library/Frameworks/DiskArbitration.framework/Versions/A/DiskArbitration
0x00007ff819ae4000 	/System/Library/PrivateFrameworks/MultitouchSupport.framework/Versions/A/MultitouchSupport
0x00007ff810da4000 	/usr/lib/libenergytrace.dylib
0x00007ff80f201000 	/System/Library/Frameworks/IOKit.framework/Versions/A/IOKit
0x00007ff81ec17000 	/System/Library/Frameworks/CoreServices.framework/Versions/A/CoreServices
0x00007ff8148b9000 	/System/Library/PrivateFrameworks/PerformanceAnalysis.framework/Versions/A/PerformanceAnalysis
0x00007ffa223b5000 	/System/Library/Frameworks/OpenGL.framework/Versions/A/OpenGL
0x00007ff81496c000 	/usr/lib/libxml2.2.dylib
0x00007ff817810000 	/System/Library/PrivateFrameworks/MobileKeyBag.framework/Versions/A/MobileKeyBag
0x00007ff811a3c000 	/System/Library/Frameworks/ColorSync.framework/Versions/A/ColorSync
0x00007ff80c255000 	/System/Library/Frameworks/CoreFoundation.framework/Versions/A/CoreFoundation
0x00007ff8167e1000 	/System/Library/Frameworks/CoreImage.framework/Versions/A/CoreImage
0x00007ff80df57000 	/System/Library/Frameworks/CoreText.framework/Versions/A/CoreText
0x00007ff81647e000 	/System/Library/Frameworks/ImageIO.framework/Versions/A/ImageIO
0x00007ff8183a0000 	/System/Library/PrivateFrameworks/SoftLinking.framework/Versions/A/SoftLinking
0x00007ff818620000 	/usr/lib/libcompression.dylib
0x00007ff81a1fb000 	/System/Library/PrivateFrameworks/TextureIO.framework/Versions/A/TextureIO
0x00007ff818d6b000 	/usr/lib/libate.dylib
0x00007ff818afb000 	/usr/lib/liblzma.5.dylib
0x00007ff81839c000 	/usr/lib/libfakelink.dylib
0x00007ff8109e7000 	/System/Library/Frameworks/CFNetwork.framework/Versions/A/CFNetwork
0x00007ff8184d9000 	/usr/lib/libarchive.2.dylib
0x00007ff81cabf000 	/System/Library/Frameworks/Combine.framework/Versions/A/Combine
0x00007ff81abe4000 	/usr/lib/swift/libswiftCore.dylib
0x00007ff910b04000 	/usr/lib/swift/libswiftCoreFoundation.dylib
0x00007ff90eabd000 	/usr/lib/swift/libswiftDarwin.dylib
0x00007ff820439000 	/usr/lib/swift/libswiftDispatch.dylib
0x00007ff910b20000 	/usr/lib/swift/libswiftIOKit.dylib
0x00007ff822873000 	/usr/lib/swift/libswiftObjectiveC.dylib
0x00007ff910b15000 	/usr/lib/swift/libswiftXPC.dylib
0x00007ffb29a33000 	/usr/lib/swift/libswift_Concurrency.dylib
0x00007ffb29b72000 	/usr/lib/swift/libswift_StringProcessing.dylib
0x00007ff822877000 	/usr/lib/swift/libswiftos.dylib
0x00007ff80f182000 	/System/Library/PrivateFrameworks/CoreServicesInternal.framework/Versions/A/CoreServicesInternal
0x00007ff817924000 	/usr/lib/libbsm.0.dylib
0x00007ff818334000 	/usr/lib/system/libkxld.dylib
0x00007ff8148ed000 	/System/Library/Frameworks/CoreServices.framework/Versions/A/Frameworks/FSEvents.framework/Versions/A/FSEvents
0x00007ff80ee86000 	/System/Library/Frameworks/CoreServices.framework/Versions/A/Frameworks/CarbonCore.framework/Versions/A/CarbonCore
0x00007ff813602000 	/System/Library/Frameworks/CoreServices.framework/Versions/A/Frameworks/Metadata.framework/Versions/A/Metadata
0x00007ff817fee000 	/System/Library/Frameworks/CoreServices.framework/Versions/A/Frameworks/OSServices.framework/Versions/A/OSServices
0x00007ff818561000 	/System/Library/Frameworks/CoreServices.framework/Versions/A/Frameworks/SearchKit.framework/Versions/A/SearchKit
0x00007ff8127d5000 	/System/Library/Frameworks/CoreServices.framework/Versions/A/Frameworks/AE.framework/Versions/A/AE
0x00007ff80c6ed000 	/System/Library/Frameworks/CoreServices.framework/Versions/A/Frameworks/LaunchServices.framework/Versions/A/LaunchServices
0x00007ff818aac000 	/System/Library/Frameworks/CoreServices.framework/Versions/A/Frameworks/DictionaryServices.framework/Versions/A/DictionaryServices
0x00007ff8148fa000 	/System/Library/Frameworks/CoreServices.framework/Versions/A/Frameworks/SharedFileList.framework/Versions/A/SharedFileList
0x00007ff8185ed000 	/usr/lib/libapple_nghttp2.dylib
0x00007ff8109e3000 	/usr/lib/libnetwork.dylib
0x00007ff812453000 	/usr/lib/libsqlite3.dylib
0x00007ff812856000 	/System/Library/Frameworks/Network.framework/Versions/A/Network
0x00007ffb28a1d000 	/usr/lib/libCoreEntitlements.dylib
0x00007ffb16358000 	/System/Library/PrivateFrameworks/MessageSecurity.framework/Versions/A/MessageSecurity
0x00007ff81243a000 	/System/Library/PrivateFrameworks/ProtocolBuffer.framework/Versions/A/ProtocolBuffer
0x00007ff817fc7000 	/System/Library/PrivateFrameworks/AppleFSCompression.framework/Versions/A/AppleFSCompression
0x00007ff81790c000 	/usr/lib/libcoretls.dylib
0x00007ff818b15000 	/usr/lib/libcoretls_cfhelpers.dylib
0x00007ff81861a000 	/usr/lib/libpam.2.dylib
0x00007ff818b83000 	/usr/lib/libxar.1.dylib
0x00007ff819117000 	/usr/lib/libheimdal-asn1.dylib
0x00007ff8183a1000 	/usr/lib/libpcap.A.dylib
0x00007ff812845000 	/usr/lib/libdns_services.dylib
0x00007ff816c00000 	/System/Library/PrivateFrameworks/AppleSystemInfo.framework/Versions/A/AppleSystemInfo
0x00007ff817619000 	/System/Library/PrivateFrameworks/IOMobileFramebuffer.framework/Versions/A/IOMobileFramebuffer
0x00007ff817fd8000 	/usr/lib/libbz2.1.0.dylib
0x00007ff817900000 	/usr/lib/libCheckFix.dylib
0x00007ff810e15000 	/System/Library/PrivateFrameworks/TCC.framework/Versions/A/TCC
0x00007ff816c06000 	/System/Library/PrivateFrameworks/CoreNLP.framework/Versions/A/CoreNLP
0x00007ff8135c1000 	/System/Library/PrivateFrameworks/MetadataUtilities.framework/Versions/A/MetadataUtilities
0x00007ff817934000 	/usr/lib/libmecab.dylib
0x00007ff80cd73000 	/usr/lib/libCRFSuite.dylib
0x00007ff81798e000 	/usr/lib/libgermantok.dylib
0x00007ff8185c8000 	/usr/lib/libThaiTokenizer.dylib
0x00007ff8136a1000 	/System/Library/Frameworks/Accelerate.framework/Versions/A/Frameworks/vImage.framework/Versions/A/vImage
0x00007ff81ebea000 	/System/Library/Frameworks/Accelerate.framework/Versions/A/Frameworks/vecLib.framework/Versions/A/vecLib
0x00007ff818bc5000 	/System/Library/Frameworks/Accelerate.framework/Versions/A/Frameworks/vecLib.framework/Versions/A/libvMisc.dylib
0x00007ff817414000 	/System/Library/Frameworks/Accelerate.framework/Versions/A/Frameworks/vecLib.framework/Versions/A/libvDSP.dylib
0x00007ff80caa9000 	/System/Library/Frameworks/Accelerate.framework/Versions/A/Frameworks/vecLib.framework/Versions/A/libBLAS.dylib
0x00007ff8186ff000 	/System/Library/Frameworks/Accelerate.framework/Versions/A/Frameworks/vecLib.framework/Versions/A/libLAPACK.dylib
0x00007ff817991000 	/System/Library/Frameworks/Accelerate.framework/Versions/A/Frameworks/vecLib.framework/Versions/A/libLinearAlgebra.dylib
0x00007ff818605000 	/System/Library/Frameworks/Accelerate.framework/Versions/A/Frameworks/vecLib.framework/Versions/A/libSparseBLAS.dylib
0x00007ff8186f9000 	/System/Library/Frameworks/Accelerate.framework/Versions/A/Frameworks/vecLib.framework/Versions/A/libQuadrature.dylib
0x00007ff816cf2000 	/System/Library/Frameworks/Accelerate.framework/Versions/A/Frameworks/vecLib.framework/Versions/A/libBNNS.dylib
0x00007ff80cc7d000 	/System/Library/Frameworks/Accelerate.framework/Versions/A/Frameworks/vecLib.framework/Versions/A/libSparse.dylib
0x00007ffb15657000 	/System/Library/PrivateFrameworks/MIL.framework/Versions/A/MIL
0x00007ff8183d6000 	/usr/lib/libiconv.2.dylib
0x00007ff81832e000 	/usr/lib/libcharset.1.dylib
0x00007ff8148d1000 	/System/Library/Frameworks/OpenDirectory.framework/Versions/A/Frameworks/CFOpenDirectory.framework/Versions/A/CFOpenDirectory
0x00007ff8148c5000 	/System/Library/Frameworks/OpenDirectory.framework/Versions/A/OpenDirectory
0x00007ff818b17000 	/System/Library/PrivateFrameworks/APFS.framework/Versions/A/APFS
0x00007ff817843000 	/System/Library/Frameworks/SecurityFoundation.framework/Versions/A/SecurityFoundation
0x00007ff818b91000 	/usr/lib/libutil.dylib
0x00007ffb147e8000 	/System/Library/PrivateFrameworks/InstalledContentLibrary.framework/Versions/A/InstalledContentLibrary
0x00007ff80f1c5000 	/System/Library/PrivateFrameworks/CoreServicesStore.framework/Versions/A/CoreServicesStore
0x00007ffa2b9bf000 	/System/Library/PrivateFrameworks/AppleMobileFileIntegrity.framework/Versions/A/AppleMobileFileIntegrity
0x00007ff910ae4000 	/usr/lib/libmis.dylib
0x00007ff91f116000 	/System/Library/PrivateFrameworks/MobileSystemServices.framework/Versions/A/MobileSystemServices
0x00007ffa192b0000 	/System/Library/PrivateFrameworks/ConfigProfileHelper.framework/Versions/A/ConfigProfileHelper
0x00007ff8185ca000 	/System/Library/PrivateFrameworks/AppleSauce.framework/Versions/A/AppleSauce
0x00007ff80da1c000 	/System/Library/PrivateFrameworks/LanguageModeling.framework/Versions/A/LanguageModeling
0x00007ff818b95000 	/usr/lib/libxslt.1.dylib
0x00007ff8184c8000 	/usr/lib/libcmph.dylib
0x00007ff817607000 	/System/Library/PrivateFrameworks/CoreEmoji.framework/Versions/A/CoreEmoji
0x00007ff816cec000 	/System/Library/PrivateFrameworks/LinguisticData.framework/Versions/A/LinguisticData
0x00007ff80cc33000 	/System/Library/PrivateFrameworks/Lexicon.framework/Versions/A/Lexicon
0x00007ff8178d1000 	/System/Library/PrivateFrameworks/BackgroundTaskManagement.framework/Versions/A/BackgroundTaskManagement
0x00007ffb28b57000 	/usr/lib/libTLE.dylib
0x00007ffb29ab7000 	/usr/lib/swift/libswift_RegexParser.dylib
0x00007ff8199ae000 	/System/Library/PrivateFrameworks/AppleJPEG.framework/Versions/A/AppleJPEG
0x00007ff8190fc000 	/usr/lib/libexpat.1.dylib
0x00007ff81a058000 	/System/Library/Frameworks/ImageIO.framework/Versions/A/Resources/libPng.dylib
0x00007ff81a085000 	/System/Library/Frameworks/ImageIO.framework/Versions/A/Resources/libTIFF.dylib
0x00007ff81a175000 	/System/Library/Frameworks/ImageIO.framework/Versions/A/Resources/libGIF.dylib
0x00007ff8199f9000 	/System/Library/Frameworks/ImageIO.framework/Versions/A/Resources/libJP2.dylib
0x00007ff81a115000 	/System/Library/Frameworks/ImageIO.framework/Versions/A/Resources/libJPEG.dylib
0x00007ff81a10c000 	/System/Library/Frameworks/ImageIO.framework/Versions/A/Resources/libRadiance.dylib
0x00007ff815fcb000 	/System/Library/PrivateFrameworks/FontServices.framework/libFontParser.dylib
0x00007ff81277a000 	/System/Library/PrivateFrameworks/RunningBoardServices.framework/Versions/A/RunningBoardServices
0x00007ff824e65000 	/System/Library/PrivateFrameworks/IOSurfaceAccelerator.framework/Versions/A/IOSurfaceAccelerator
0x00007ff819ae0000 	/System/Library/PrivateFrameworks/WatchdogClient.framework/Versions/A/WatchdogClient
0x00007ff80db7e000 	/System/Library/Frameworks/CoreDisplay.framework/Versions/A/CoreDisplay
0x00007ff815eba000 	/System/Library/Frameworks/CoreMedia.framework/Versions/A/CoreMedia
0x00007ff815cac000 	/System/Library/PrivateFrameworks/IOAccelerator.framework/Versions/A/IOAccelerator
0x00007ff814a4b000 	/System/Library/Frameworks/CoreVideo.framework/Versions/A/CoreVideo
0x00007ff818618000 	/System/Library/Frameworks/MetalPerformanceShaders.framework/Versions/A/MetalPerformanceShaders
0x00007ff819b1d000 	/System/Library/Frameworks/VideoToolbox.framework/Versions/A/VideoToolbox
0x00007ff8126be000 	/System/Library/PrivateFrameworks/BaseBoard.framework/Versions/A/BaseBoard
0x00007ff81a105000 	/System/Library/PrivateFrameworks/GPUWrangler.framework/Versions/A/GPUWrangler
0x00007ff81a0e9000 	/System/Library/PrivateFrameworks/IOPresentment.framework/Versions/A/IOPresentment
0x00007ff81a10f000 	/System/Library/PrivateFrameworks/DSExternalDisplay.framework/Versions/A/DSExternalDisplay
0x00007ffb10e57000 	/System/Library/PrivateFrameworks/GPUCompiler.framework/Versions/31001/Libraries/libllvm-flatbuffers.dylib
0x00007ffa223a9000 	/System/Library/Frameworks/OpenGL.framework/Versions/A/Libraries/libCoreFSCache.dylib
0x00007ffb10e53000 	/System/Library/PrivateFrameworks/GPUCompiler.framework/Versions/31001/Libraries/libGPUCompilerUtils.dylib
0x00007ff81a17b000 	/System/Library/PrivateFrameworks/CMCaptureCore.framework/Versions/A/CMCaptureCore
0x00007ffa25e91000 	/System/Library/Frameworks/ExtensionFoundation.framework/Versions/A/ExtensionFoundation
0x00007ff820bb6000 	/System/Library/PrivateFrameworks/CoreTime.framework/Versions/A/CoreTime
0x00007ff8196b0000 	/System/Library/PrivateFrameworks/AppServerSupport.framework/Versions/A/AppServerSupport
0x00007ff81ba37000 	/System/Library/PrivateFrameworks/perfdata.framework/Versions/A/perfdata
0x00007ff80dcaa000 	/System/Library/PrivateFrameworks/AudioToolboxCore.framework/Versions/A/AudioToolboxCore
0x00007ff815e94000 	/System/Library/PrivateFrameworks/caulk.framework/Versions/A/caulk
0x00007ff81b304000 	/usr/lib/libAudioStatistics.dylib
0x00007ff90ff67000 	/System/Library/PrivateFrameworks/SystemPolicy.framework/Versions/A/SystemPolicy
0x00007ff81b5a2000 	/usr/lib/libSMC.dylib
0x00007ff8246cd000 	/System/Library/Frameworks/CoreMIDI.framework/Versions/A/CoreMIDI
0x00007ff81a026000 	/usr/lib/libAudioToolboxUtility.dylib
0x00007ff829c00000 	/System/Library/PrivateFrameworks/OSAServicesClient.framework/Versions/A/OSAServicesClient
0x00007ff81ba44000 	/usr/lib/libperfcheck.dylib
0x00007ff818fe0000 	/System/Library/PrivateFrameworks/PlugInKit.framework/Versions/A/PlugInKit
0x00007ff817836000 	/System/Library/PrivateFrameworks/AssertionServices.framework/Versions/A/AssertionServices
0x00007ffa22404000 	/System/Library/Frameworks/OpenGL.framework/Versions/A/Libraries/libGLU.dylib
0x00007ffa223c8000 	/System/Library/Frameworks/OpenGL.framework/Versions/A/Libraries/libGFXShared.dylib
0x00007ffa225d1000 	/System/Library/Frameworks/OpenGL.framework/Versions/A/Libraries/libGL.dylib
0x00007ffa223d1000 	/System/Library/Frameworks/OpenGL.framework/Versions/A/Libraries/libGLImage.dylib
0x00007ffa223c5000 	/System/Library/Frameworks/OpenGL.framework/Versions/A/Libraries/libCVMSPluginSupport.dylib
0x00007ffb28b36000 	/usr/lib/libRosetta.dylib
0x00007ffa223b0000 	/System/Library/Frameworks/OpenGL.framework/Versions/A/Libraries/libCoreVMClient.dylib
0x00007ff816b79000 	/System/Library/Frameworks/MetalPerformanceShaders.framework/Versions/A/Frameworks/MPSCore.framework/Versions/A/MPSCore
0x00007ff817f31000 	/System/Library/Frameworks/MetalPerformanceShaders.framework/Versions/A/Frameworks/MPSImage.framework/Versions/A/MPSImage
0x00007ff8179a7000 	/System/Library/Frameworks/MetalPerformanceShaders.framework/Versions/A/Frameworks/MPSNeuralNetwork.framework/Versions/A/MPSNeuralNetwork
0x00007ff817e1a000 	/System/Library/Frameworks/MetalPerformanceShaders.framework/Versions/A/Frameworks/MPSMatrix.framework/Versions/A/MPSMatrix
0x00007ff817bd5000 	/System/Library/Frameworks/MetalPerformanceShaders.framework/Versions/A/Frameworks/MPSRayIntersector.framework/Versions/A/MPSRayIntersector
0x00007ff817e55000 	/System/Library/Frameworks/MetalPerformanceShaders.framework/Versions/A/Frameworks/MPSNDArray.framework/Versions/A/MPSNDArray
0x00007ffa27201000 	/System/Library/Frameworks/MetalPerformanceShaders.framework/Versions/A/Frameworks/MPSFunctions.framework/Versions/A/MPSFunctions
0x00007ff80c96a000 	/System/Library/PrivateFrameworks/MetalTools.framework/Versions/A/MetalTools
0x00007ff816bff000 	/System/Library/PrivateFrameworks/AggregateDictionary.framework/Versions/A/AggregateDictionary
0x00007ff818e9b000 	/usr/lib/libIOReport.dylib
0x00007ffa23098000 	/System/Library/Frameworks/OpenCL.framework/Versions/A/OpenCL
0x00007ff819242000 	/System/Library/PrivateFrameworks/GraphVisualizer.framework/Versions/A/GraphVisualizer
0x00007ffb10d68000 	/System/Library/PrivateFrameworks/FontServices.framework/Versions/A/FontServices
0x00007ff81966b000 	/System/Library/PrivateFrameworks/OTSVG.framework/Versions/A/OTSVG
0x00007ff814615000 	/System/Library/Frameworks/ApplicationServices.framework/Versions/A/Frameworks/ATS.framework/Versions/A/Resources/libFontRegistry.dylib
0x00007ff8196ba000 	/System/Library/PrivateFrameworks/FontServices.framework/libhvf.dylib
0x00007ffb10d69000 	/System/Library/PrivateFrameworks/FontServices.framework/libXTFontStaticRegistryData.dylib
0x00007ffb22002000 	/System/Library/PrivateFrameworks/VideoToolboxParavirtualizationSupport.framework/Versions/A/VideoToolboxParavirtualizationSupport
0x00007ff8190ac000 	/System/Library/PrivateFrameworks/AppleVA.framework/Versions/A/AppleVA
0x00007ff81b344000 	/System/Library/Frameworks/ApplicationServices.framework/Versions/A/Frameworks/ATS.framework/Versions/A/ATS
0x00007ff811b2c000 	/System/Library/Frameworks/ApplicationServices.framework/Versions/A/Frameworks/HIServices.framework/Versions/A/HIServices
0x00007ff81a187000 	/System/Library/Frameworks/ApplicationServices.framework/Versions/A/Frameworks/PrintCore.framework/Versions/A/PrintCore
0x00007ff81b6f7000 	/System/Library/Frameworks/ApplicationServices.framework/Versions/A/Frameworks/QD.framework/Versions/A/QD
0x00007ff81b6ef000 	/System/Library/Frameworks/ApplicationServices.framework/Versions/A/Frameworks/ColorSyncLegacy.framework/Versions/A/ColorSyncLegacy
0x00007ff81b318000 	/System/Library/Frameworks/ApplicationServices.framework/Versions/A/Frameworks/SpeechSynthesis.framework/Versions/A/SpeechSynthesis
0x00007ff81a145000 	/System/Library/Frameworks/ApplicationServices.framework/Versions/A/Frameworks/ATSUI.framework/Versions/A/ATSUI
0x00007ff81b682000 	/usr/lib/libcups.2.dylib
0x00007ff81ba53000 	/System/Library/Frameworks/Kerberos.framework/Versions/A/Kerberos
0x00007ff81ba62000 	/System/Library/Frameworks/GSS.framework/Versions/A/GSS
0x00007ff81b3b2000 	/usr/lib/libresolv.9.dylib
0x00007ff8196cb000 	/System/Library/PrivateFrameworks/Heimdal.framework/Versions/A/Heimdal
0x00007ff8227f6000 	/System/Library/Frameworks/Kerberos.framework/Versions/A/Libraries/libHeimdalProxy.dylib
0x00007ff81baad000 	/System/Library/PrivateFrameworks/CommonAuth.framework/Versions/A/CommonAuth
0x00007ffa25167000 	/System/Library/Frameworks/AVFAudio.framework/Versions/A/AVFAudio
0x00007ff829c49000 	/System/Library/PrivateFrameworks/AXCoreUtilities.framework/Versions/A/AXCoreUtilities
0x00007ff81b294000 	/System/Library/PrivateFrameworks/AudioSession.framework/Versions/A/AudioSession
0x00007ff81c896000 	/System/Library/Frameworks/IOBluetooth.framework/Versions/A/IOBluetooth
0x00007ff8191b2000 	/System/Library/PrivateFrameworks/MediaExperience.framework/Versions/A/MediaExperience
0x00007ff81b13b000 	/System/Library/PrivateFrameworks/AudioSession.framework/libSessionUtility.dylib
0x00007ff81b703000 	/System/Library/PrivateFrameworks/AudioResourceArbitration.framework/Versions/A/AudioResourceArbitration
0x00007ff81f7ef000 	/System/Library/PrivateFrameworks/PowerLog.framework/Versions/A/PowerLog
0x00007ff81f731000 	/System/Library/Frameworks/CoreBluetooth.framework/Versions/A/CoreBluetooth
0x00007ff8227f7000 	/System/Library/Frameworks/AudioUnit.framework/Versions/A/AudioUnit
0x00007ff8176a0000 	/System/Library/PrivateFrameworks/CoreUtils.framework/Versions/A/CoreUtils
0x00007ffb0f919000 	/System/Library/PrivateFrameworks/CoreUtilsExtras.framework/Versions/A/CoreUtilsExtras
0x00007ffb1467b000 	/System/Library/PrivateFrameworks/IO80211.framework/Versions/A/IO80211
0x00007ff819120000 	/System/Library/PrivateFrameworks/IconFoundation.framework/Versions/A/IconFoundation
0x00007ff81e80e000 	/System/Library/PrivateFrameworks/SpeechRecognitionCore.framework/Versions/A/SpeechRecognitionCore
0x000000010e0b0000 	/Applications/Apache NetBeans.app/Contents/Home/lib/server/libjvm.dylib
0x000000010cd39000 	/Applications/Apache NetBeans.app/Contents/Home/lib/libjimage.dylib
0x000000010ce85000 	/Applications/Apache NetBeans.app/Contents/Home/lib/libjava.dylib
0x000000010da39000 	/Applications/Apache NetBeans.app/Contents/Home/lib/libnio.dylib
0x000000010da73000 	/Applications/Apache NetBeans.app/Contents/Home/lib/libnet.dylib
0x000000010dab2000 	/Applications/Apache NetBeans.app/Contents/Home/lib/libzip.dylib
0x000000010db6d000 	/Applications/Apache NetBeans.app/Contents/Home/lib/libverify.dylib
0x000000010dd43000 	/Applications/Apache NetBeans.app/Contents/Home/lib/libextnet.dylib
0x000000010de18000 	/Applications/Apache NetBeans.app/Contents/Home/lib/libawt.dylib
0x000000012c5f4000 	/Applications/Apache NetBeans.app/Contents/Home/lib/libmlib_image.dylib
0x00007ffa26449000 	/System/Library/Frameworks/JavaRuntimeSupport.framework/Versions/A/JavaRuntimeSupport
0x00007ff90f977000 	/System/Library/Frameworks/Carbon.framework/Versions/A/Carbon
0x00007ff820ae5000 	/System/Library/PrivateFrameworks/CoreSymbolication.framework/Versions/A/CoreSymbolication
0x00007ff82638c000 	/System/Library/Frameworks/Carbon.framework/Versions/A/Frameworks/CommonPanels.framework/Versions/A/CommonPanels
0x00007ff822168000 	/System/Library/Frameworks/Carbon.framework/Versions/A/Frameworks/Help.framework/Versions/A/Help
0x00007ff826390000 	/System/Library/Frameworks/Carbon.framework/Versions/A/Frameworks/ImageCapture.framework/Versions/A/ImageCapture
0x00007ff826360000 	/System/Library/Frameworks/Carbon.framework/Versions/A/Frameworks/OpenScripting.framework/Versions/A/OpenScripting
0x00007ff826388000 	/System/Library/Frameworks/Carbon.framework/Versions/A/Frameworks/Ink.framework/Versions/A/Ink
0x00007ff90f973000 	/System/Library/Frameworks/Carbon.framework/Versions/A/Frameworks/Print.framework/Versions/A/Print
0x00007ff826384000 	/System/Library/Frameworks/Carbon.framework/Versions/A/Frameworks/SecurityHI.framework/Versions/A/SecurityHI
0x00007ff820aaa000 	/System/Library/PrivateFrameworks/DebugSymbols.framework/Versions/A/DebugSymbols
0x000000012c888000 	/Applications/Apache NetBeans.app/Contents/Home/lib/libawt_lwawt.dylib
0x000000010dda2000 	/Applications/Apache NetBeans.app/Contents/Home/lib/libosxapp.dylib
0x00007ff90eb2b000 	/System/Library/Frameworks/ExceptionHandling.framework/Versions/A/ExceptionHandling
0x0000000173d00000 	/Applications/Apache NetBeans.app/Contents/Home/lib/libfontmanager.dylib
0x000000012cb69000 	/Applications/Apache NetBeans.app/Contents/Home/lib/libfreetype.dylib
0x00007ff81fde1000 	/System/Library/Frameworks/FileProvider.framework/Versions/A/FileProvider
0x00007ff812629000 	/System/Library/Frameworks/Accounts.framework/Versions/A/Accounts
0x00007ff814ada000 	/System/Library/PrivateFrameworks/UserManagement.framework/Versions/A/UserManagement
0x00007ff81ff6d000 	/System/Library/PrivateFrameworks/GenerationalStorage.framework/Versions/A/GenerationalStorage
0x00007ff81f7e4000 	/System/Library/PrivateFrameworks/SymptomDiagnosticReporter.framework/Versions/A/SymptomDiagnosticReporter
0x00007ff81050c000 	/System/Library/PrivateFrameworks/DesktopServicesPriv.framework/Versions/A/DesktopServicesPriv
0x00007ff80f2cf000 	/usr/lib/libsandbox.1.dylib
0x00007ff81b6e4000 	/System/Library/PrivateFrameworks/NetAuth.framework/Versions/A/NetAuth
0x00007ff81c716000 	/System/Library/PrivateFrameworks/Sharing.framework/Versions/A/Sharing
0x00007ff814aa0000 	/System/Library/PrivateFrameworks/login.framework/Versions/A/Frameworks/loginsupport.framework/Versions/A/loginsupport
0x00007ff821ce3000 	/System/Library/PrivateFrameworks/Apple80211.framework/Versions/A/Apple80211
0x00007ff81801b000 	/System/Library/PrivateFrameworks/AuthKit.framework/Versions/A/AuthKit
0x00007ff817626000 	/System/Library/Frameworks/CoreWLAN.framework/Versions/A/CoreWLAN
0x00007ff821ce7000 	/System/Library/PrivateFrameworks/CoreWiFi.framework/Versions/A/CoreWiFi
0x00007ffa13284000 	/System/Library/PrivateFrameworks/WiFiPeerToPeer.framework/Versions/A/WiFiPeerToPeer
0x00007ff820654000 	/System/Library/PrivateFrameworks/FrontBoardServices.framework/Versions/A/FrontBoardServices
0x00007ff8206ec000 	/System/Library/PrivateFrameworks/BoardServices.framework/Versions/A/BoardServices
0x00007ff821e7a000 	/System/Library/PrivateFrameworks/BackBoardServices.framework/Versions/A/BackBoardServices
0x00007ff818192000 	/System/Library/Frameworks/UserNotifications.framework/Versions/A/UserNotifications
0x00007ff81bba2000 	/System/Library/PrivateFrameworks/CorePhoneNumbers.framework/Versions/A/CorePhoneNumbers
0x00007ff81b3df000 	/System/Library/PrivateFrameworks/MultiverseSupport.framework/Versions/A/MultiverseSupport
0x00007ff8220f5000 	/System/Library/PrivateFrameworks/RemoteServiceDiscovery.framework/Versions/A/RemoteServiceDiscovery
0x00007ff81f902000 	/System/Library/PrivateFrameworks/DiskManagement.framework/Versions/A/DiskManagement
0x00007ff81f816000 	/System/Library/PrivateFrameworks/AppleIDAuthSupport.framework/Versions/A/AppleIDAuthSupport
0x00007ffa29ded000 	/System/Library/PrivateFrameworks/AAAFoundation.framework/Versions/A/AAAFoundation
0x00007ff81bb7b000 	/System/Library/PrivateFrameworks/KeychainCircle.framework/Versions/A/KeychainCircle
0x00007ff822105000 	/System/Library/PrivateFrameworks/RemoteXPC.framework/Versions/A/RemoteXPC
0x00007ff81f8ce000 	/System/Library/PrivateFrameworks/MediaKit.framework/Versions/A/MediaKit
0x00007ff81f822000 	/System/Library/Frameworks/DiscRecording.framework/Versions/A/DiscRecording
0x00007ff819024000 	/usr/lib/libCoreStorage.dylib
0x00007ff822170000 	/usr/lib/libcsfde.dylib
0x00007ff81c967000 	/System/Library/PrivateFrameworks/ProtectedCloudStorage.framework/Versions/A/ProtectedCloudStorage
0x00007ff82216c000 	/System/Library/PrivateFrameworks/EFILogin.framework/Versions/A/EFILogin
0x00007ff81ff93000 	/System/Library/PrivateFrameworks/OctagonTrust.framework/Versions/A/OctagonTrust
0x00007ff81901c000 	/usr/lib/libMatch.1.dylib
0x00007ff9187e3000 	/System/Library/CoreServices/RawCamera.bundle/Contents/MacOS/RawCamera
0x00007ff81babd000 	/System/Library/PrivateFrameworks/MobileAsset.framework/Versions/A/MobileAsset
0x00007ff916107000 	/System/Library/PrivateFrameworks/SoftwareUpdateCoreSupport.framework/Versions/A/SoftwareUpdateCoreSupport
0x00007ff91c4b5000 	/System/Library/PrivateFrameworks/SoftwareUpdateCoreConnect.framework/Versions/A/SoftwareUpdateCoreConnect
0x00007ff82281b000 	/System/Library/PrivateFrameworks/StreamingZip.framework/Versions/A/StreamingZip
0x00007ff915d86000 	/System/Library/PrivateFrameworks/MSUDataAccessor.framework/Versions/A/MSUDataAccessor
0x00007ff91233b000 	/usr/lib/libbootpolicy.dylib
0x00007ff922dee000 	/usr/lib/libpartition2_dynamic.dylib
0x00007ffb0c4f9000 	/System/Library/PrivateFrameworks/CMPhoto.framework/Versions/A/CMPhoto
0x00007ff82097d000 	/System/Library/PrivateFrameworks/AppleVPA.framework/Versions/A/AppleVPA
0x00007ff81a3be000 	/System/Library/Frameworks/MediaToolbox.framework/Versions/A/MediaToolbox
0x00007ff81fdb1000 	/System/Library/PrivateFrameworks/CoreAVCHD.framework/Versions/A/CoreAVCHD
0x00007ff81ef00000 	/System/Library/Frameworks/MediaAccessibility.framework/Versions/A/MediaAccessibility
0x00007ff81fdad000 	/System/Library/PrivateFrameworks/Mangrove.framework/Versions/A/Mangrove
0x00007ff81f9f2000 	/System/Library/PrivateFrameworks/CoreAUC.framework/Versions/A/CoreAUC
0x00007ff915766000 	/System/Library/Frameworks/Accelerate.framework/Versions/A/Frameworks/vImage.framework/Versions/A/Libraries/libCGInterfaces.dylib
0x000000010db15000 	/usr/lib/libobjc-trampolines.dylib
0x00007ffb288ee000 	/usr/lib/libAccessibilityBaseImplementations.dylib
0x00007ff8147b9000 	/System/Library/PrivateFrameworks/ViewBridge.framework/Versions/A/ViewBridge
0x00007ff819783000 	/System/Library/PrivateFrameworks/login.framework/Versions/A/login
0x00007ffa23e66000 	/System/Library/Extensions/AGXMetalG14G.bundle/Contents/MacOS/AGXMetalG14G
0x00007ff910af7000 	/System/Library/PrivateFrameworks/GPURawCounter.framework/Versions/A/GPURawCounter
0x00007ff828ce0000 	/System/Library/PrivateFrameworks/IOGPU.framework/Versions/A/IOGPU
0x000000017e3d2000 	/Applications/Apache NetBeans.app/Contents/Home/lib/libosxui.dylib
0x00007ffa2a671000 	/System/Library/PrivateFrameworks/AccessibilityBundles.framework/Versions/A/AccessibilityBundles
0x00007ff829c68000 	/usr/lib/libAccessibility.dylib


VM Arguments:
jvm_args: -Dfile.encoding=UTF-8 
java_command: sincronizacion.main
java_class_path (initial): /Applications/XAMPP/htdocs/general_desarrollo_oscar_2024/sincronizacion/lib/AbsoluteLayout.jar:/Applications/XAMPP/htdocs/general_desarrollo_oscar_2024/sincronizacion/lib/mysql-connector-java-5.1.13-bin.jar:/Users/oscarmendoza/Downloads/log4j-1.2.17.jar:/Users/oscarmendoza/NetBeansProjects/Sincronizacion/resources:/Users/oscarmendoza/Downloads/json-20230227.jar:/Users/oscarmendoza/Downloads/json-simple-1.1.1.jar:/Users/oscarmendoza/NetBeansProjects/Sincronizacion/build/classes
Launcher Type: SUN_STANDARD

[Global flags]
     intx CICompilerCount                          = 4                                         {product} {ergonomic}
     uint ConcGCThreads                            = 2                                         {product} {ergonomic}
     uint G1ConcRefinementThreads                  = 8                                         {product} {ergonomic}
   size_t G1HeapRegionSize                         = 1048576                                   {product} {ergonomic}
    uintx GCDrainStackTargetSize                   = 64                                        {product} {ergonomic}
   size_t InitialHeapSize                          = 134217728                                 {product} {ergonomic}
   size_t MarkStackSize                            = 4194304                                   {product} {ergonomic}
   size_t MaxHeapSize                              = 2147483648                                {product} {ergonomic}
   size_t MaxNewSize                               = 1287651328                                {product} {ergonomic}
   size_t MinHeapDeltaBytes                        = 1048576                                   {product} {ergonomic}
   size_t MinHeapSize                              = 8388608                                   {product} {ergonomic}
    uintx NonNMethodCodeHeapSize                   = 5839372                                {pd product} {ergonomic}
    uintx NonProfiledCodeHeapSize                  = 122909434                              {pd product} {ergonomic}
    uintx ProfiledCodeHeapSize                     = 122909434                              {pd product} {ergonomic}
    uintx ReservedCodeCacheSize                    = 251658240                              {pd product} {ergonomic}
     bool SegmentedCodeCache                       = true                                      {product} {ergonomic}
   size_t SoftMaxHeapSize                          = 2147483648                             {manageable} {ergonomic}
     bool UseCompressedOops                        = true                           {product lp64_product} {ergonomic}
     bool UseG1GC                                  = true                                      {product} {ergonomic}
     bool UseNUMA                                  = false                                     {product} {ergonomic}
     bool UseNUMAInterleaving                      = false                                     {product} {ergonomic}

Logging:
Log output configuration:
 #0: stdout all=warning uptime,level,tags foldmultilines=false
 #1: stderr all=off uptime,level,tags foldmultilines=false

Environment Variables:
PATH=/usr/bin:/bin:/usr/sbin:/sbin
SHELL=/bin/zsh
LC_CTYPE=UTF-8
TMPDIR=/var/folders/2p/swqx1vp57pjdyhh0mrtdc7rr0000gn/T/

Active Locale:
LC_ALL=C/UTF-8/C/C/C/C
LC_COLLATE=C
LC_CTYPE=UTF-8
LC_MESSAGES=C
LC_MONETARY=C
LC_NUMERIC=C
LC_TIME=C

Signal Handlers:
   SIGSEGV: crash_handler in libjvm.dylib, mask=11100110100111111111111111111111, flags=SA_ONSTACK|SA_RESTART|SA_SIGINFO, unblocked
    SIGBUS: crash_handler in libjvm.dylib, mask=11100110100111111111111111111111, flags=SA_RESTART|SA_SIGINFO, unblocked
    SIGFPE: crash_handler in libjvm.dylib, mask=11100110100111111111111111111111, flags=SA_RESTART|SA_SIGINFO, unblocked
   SIGPIPE: javaSignalHandler in libjvm.dylib, mask=11100110100111111111111111111111, flags=SA_RESTART|SA_SIGINFO, blocked
   SIGXFSZ: javaSignalHandler in libjvm.dylib, mask=11100110100111111111111111111111, flags=SA_RESTART|SA_SIGINFO, blocked
    SIGILL: crash_handler in libjvm.dylib, mask=11100110100111111111111111111111, flags=SA_RESTART|SA_SIGINFO, unblocked
   SIGUSR2: SR_handler in libjvm.dylib, mask=00000000000000000000000000000000, flags=SA_RESTART|SA_SIGINFO, blocked
    SIGHUP: UserHandler in libjvm.dylib, mask=11100110100111111111111111111111, flags=SA_RESTART|SA_SIGINFO, blocked
    SIGINT: SIG_IGN, mask=11111111011111110111111111111111, flags=none, blocked
   SIGTERM: UserHandler in libjvm.dylib, mask=11100110100111111111111111111111, flags=SA_RESTART|SA_SIGINFO, blocked
   SIGQUIT: UserHandler in libjvm.dylib, mask=11100110100111111111111111111111, flags=SA_RESTART|SA_SIGINFO, blocked
   SIGTRAP: crash_handler in libjvm.dylib, mask=11100110100111111111111111111111, flags=SA_RESTART|SA_SIGINFO, unblocked


Periodic native trim disabled

---------------  S Y S T E M  ---------------

OS:
uname: Darwin 22.3.0 Darwin Kernel Version 22.3.0: Mon Jan 30 20:38:43 PST 2023; root:xnu-8792.81.3~2/RELEASE_ARM64_T8112 x86_64
OS uptime: 1 days 6:06 hours
rlimit (soft/hard): STACK 8176k/65520k , CORE 0k/infinity , NPROC 1333/2000 , NOFILE 10240/infinity , AS infinity/infinity , CPU infinity/infinity , DATA infinity/infinity , FSIZE infinity/infinity , MEMLOCK infinity/infinity , RSS infinity/infinity
load average: 1.69 1.73 1.80

CPU: (EMULATED) total 8 (initial active 8) (1 cores per cpu, 1 threads per core) family 6 model 44 stepping 0 microcode 0x0, cx8, cmov, fxsr, mmx, sse, sse2, sse3, ssse3, sse4.1, sse4.2, popcnt, tsc, tscinvbit, aes, clmul, clflush, rdtscp
machdep.cpu.brand_string:Apple M2
hw.cpufrequency:2400000000
hw.cpufrequency_min:2400000000
hw.cpufrequency_max:2400000000
hw.cachelinesize:64
hw.l1icachesize:131072
hw.l1dcachesize:65536
hw.l2cachesize:4194304

Memory: 4k page, physical 8388608k(17348k free), swap 9437184k(1417792k free)

vm_info: OpenJDK 64-Bit Server VM (21.0.2+13-LTS) for bsd-amd64 JRE (21.0.2+13-LTS) (Zulu21.32+17-CA), built on 2024-01-09T19:41:02Z by "tester" with clang Apple LLVM 14.0.3 (clang-1403.0.22.14.1)

END.
